0001_0034_0086_0140_0140.jpg 1 34 86 140 140
0002_0175_0106_0088_0088.jpg 1 175 106 88 88
0003_0050_0061_0050_0050.jpg 1 50 61 50 50
0004_0050_0175_0034_0034.jpg 1 50 175 34 34
0005_0089_0036_0118_0118.jpg 1 89 36 118 118
0006_0152_0051_0032_0032.jpg 1 152 51 32 32
0007_0120_0050_0104_0104.jpg 1 120 50 104 104
0008_0069_0126_0097_0097.jpg 1 69 126 97 97
0009_0179_0128_0065_0065.jpg 1 179 128 65 65
0010_0150_0049_0039_0039.jpg 1 150 49 39 39
0011_0144_0149_0030_0030.jpg 1 144 149 30 30
0012_0136_0089_0047_0047.jpg 1 136 89 47 47
0013_0134_0165_0044_0044.jpg 1 134 165 44 44
0014_0047_0143_0065_0065.jpg 1 47 143 65 65
0015_0128_0098_0096_0096.jpg 1 128 98 96 96
0016_0137_0164_0044_0044.jpg 1 137 164 44 44
0017_0097_0016_0112_0112.jpg 1 97 16 112 112
0018_0097_0031_0157_0157.jpg 1 97 31 157 157
0019_0178_0053_0105_0105.jpg 1 178 53 105 105
0020_0139_0183_0029_0029.jpg 1 139 183 29 29
0021_0060_0053_0142_0142.jpg 1 60 53 142 142
0022_0193_0138_0083_0083.jpg 1 193 138 83 83
0023_0135_0101_0025_0025.jpg 1 135 101 25 25
0024_0193_0086_0101_0101.jpg 1 193 86 101 101
0025_0047_0016_0161_0161.jpg 1 47 16 161 161
0026_0164_0050_0090_0090.jpg 1 164 50 90 90
0027_0023_0101_0119_0119.jpg 1 23 101 119 119
0028_0047_0056_0106_0106.jpg 1 47 56 106 106
0029_0035_0013_0112_0112.jpg 1 35 13 112 112
0030_0148_0108_0085_0085.jpg 1 148 108 85 85
0031_0094_0071_0108_0108.jpg 1 94 71 108 108
0032_0059_0035_0056_0056.jpg 1 59 35 56 56
0033_0129_0052_0089_0089.jpg 1 129 52 89 89
0034_0030_0129_0072_0072.jpg 1 30 129 72 72
0035_0081_0090_0091_0091.jpg 1 81 90 91 91
0036_0048_0024_0153_0153.jpg 1 48 24 153 153
0037_0150_0088_0064_0064.jpg 1 150 88 64 64
0038_0039_0042_0124_0124.jpg 1 39 42 124 124
0039_0097_0017_0156_0156.jpg 1 97 17 156 156
0040_0097_0089_0073_0073.jpg 1 97 89 73 73
0041_0087_0015_0112_0112.jpg 1 87 15 112 112
0042_0193_0136_0058_0058.jpg 1 193 136 58 58
0043_0083_0171_0049_0049.jpg 1 83 171 49 49
0044_0253_0073_0035_0035.jpg 1 253 73 35 35
0045_0111_0040_0157_0157.jpg 1 111 40 157 157
0046_0057_0141_0069_0069.jpg 1 57 141 69 69
0047_0195_0023_0025_0025.jpg 1 195 23 25 25
0048_0043_0072_0117_0117.jpg 1 43 72 117 117
0049_0160_0041_0066_0066.jpg 1 160 41 66 66
0050_0019_0023_0152_0152.jpg 1 19 23 152 152
0051_0095_0066_0073_0073.jpg 1 95 66 73 73
0052_0110_0058_0166_0166.jpg 1 110 58 166 166
0053_0215_0028_0061_0061.jpg 1 215 28 61 61
0054_0168_0114_0075_0075.jpg 1 168 114 75 75
0055_0076_0035_0134_0134.jpg 1 76 35 134 134
0056_0074_0026_0152_0152.jpg 1 74 26 152 152
0057_0174_0038_0069_0069.jpg 1 174 38 69 69
0058_0092_0033_0156_0156.jpg 1 92 33 156 156
0059_0058_0049_0105_0105.jpg 1 58 49 105 105
0060_0044_0082_0025_0025.jpg 1 44 82 25 25
0061_0142_0036_0109_0109.jpg 1 142 36 109 109
0062_0094_0063_0110_0110.jpg 1 94 63 110 110
0063_0116_0088_0027_0027.jpg 1 116 88 27 27
0064_0103_0063_0058_0058.jpg 1 103 63 58 58
0065_0042_0062_0140_0140.jpg 1 42 62 140 140
0066_0019_0012_0137_0137.jpg 1 19 12 137 137
0067_0208_0099_0055_0055.jpg 1 208 99 55 55
0068_0169_0058_0032_0032.jpg 1 169 58 32 32
0069_0040_0022_0131_0131.jpg 1 40 22 131 131
0070_0057_0057_0054_0054.jpg 1 57 57 54 54
0071_0161_0074_0101_0101.jpg 1 161 74 101 101
0072_0146_0073_0068_0068.jpg 1 146 73 68 68
0073_0159_0052_0071_0071.jpg 1 159 52 71 71
0074_0072_0035_0144_0144.jpg 1 72 35 144 144
0075_0130_0040_0107_0107.jpg 1 130 40 107 107
0076_0091_0055_0038_0038.jpg 1 91 55 38 38
0077_0094_0058_0113_0113.jpg 1 94 58 113 113
0078_0057_0048_0107_0107.jpg 1 57 48 107 107
0079_0213_0081_0050_0050.jpg 1 213 81 50 50
0080_0170_0021_0126_0126.jpg 1 170 21 126 126
0081_0169_0068_0097_0097.jpg 1 169 68 97 97
0082_0073_0068_0144_0144.jpg 1 73 68 144 144
0083_0178_0071_0073_0073.jpg 1 178 71 73 73
0084_0164_0126_0064_0064.jpg 1 164 126 64 64
0085_0116_0108_0050_0050.jpg 1 116 108 50 50
0086_0151_0077_0081_0081.jpg 1 151 77 81 81
0087_0157_0132_0086_0086.jpg 1 157 132 86 86
0088_0125_0174_0039_0039.jpg 1 125 174 39 39
0089_0130_0120_0090_0090.jpg 1 130 120 90 90
0090_0029_0084_0125_0125.jpg 1 29 84 125 125
0091_0029_0111_0109_0109.jpg 1 29 111 109 109
0092_0076_0061_0090_0090.jpg 1 76 61 90 90
0093_0225_0136_0030_0030.jpg 1 225 136 30 30
0094_0148_0045_0074_0074.jpg 1 148 45 74 74
0095_0147_0021_0147_0147.jpg 1 147 21 147 147
0096_0134_0029_0067_0067.jpg 1 134 29 67 67
0097_0246_0043_0036_0036.jpg 1 246 43 36 36
0098_0061_0058_0157_0157.jpg 1 61 58 157 157
0099_0124_0019_0156_0156.jpg 1 124 19 156 156
0100_0037_0045_0138_0138.jpg 1 37 45 138 138
0101_0060_0046_0081_0081.jpg 1 60 46 81 81
0102_0114_0119_0031_0031.jpg 1 114 119 31 31
0103_0038_0040_0056_0056.jpg 1 38 40 56 56
0104_0084_0067_0096_0096.jpg 1 84 67 96 96
0105_0073_0123_0075_0075.jpg 1 73 123 75 75
0106_0021_0042_0122_0122.jpg 1 21 42 122 122
0107_0062_0122_0039_0039.jpg 1 62 122 39 39
0108_0191_0070_0102_0102.jpg 1 191 70 102 102
0109_0189_0055_0068_0068.jpg 1 189 55 68 68
0110_0196_0058_0032_0032.jpg 1 196 58 32 32
0111_0069_0097_0098_0098.jpg 1 69 97 98 98
0112_0230_0127_0028_0028.jpg 1 230 127 28 28
0113_0079_0066_0161_0161.jpg 1 79 66 161 161
0114_0056_0109_0094_0094.jpg 1 56 109 94 94
0115_0114_0103_0116_0116.jpg 1 114 103 116 116
0116_0070_0106_0078_0078.jpg 1 70 106 78 78
0117_0116_0041_0054_0054.jpg 1 116 41 54 54
0118_0051_0015_0111_0111.jpg 1 51 15 111 111
0119_0115_0079_0127_0127.jpg 1 115 79 127 127
0120_0093_0022_0162_0162.jpg 1 93 22 162 162
0121_0047_0039_0126_0126.jpg 1 47 39 126 126
0122_0113_0053_0158_0158.jpg 1 113 53 158 158
0123_0080_0014_0146_0146.jpg 1 80 14 146 146
0124_0172_0040_0061_0061.jpg 1 172 40 61 61
0125_0072_0106_0067_0067.jpg 1 72 106 67 67
0126_0027_0082_0061_0061.jpg 1 27 82 61 61
0127_0054_0077_0109_0109.jpg 1 54 77 109 109
0128_0235_0046_0036_0036.jpg 1 235 46 36 36
0129_0163_0040_0046_0046.jpg 1 163 40 46 46
0130_0141_0052_0114_0114.jpg 1 141 52 114 114
0131_0210_0111_0055_0055.jpg 1 210 111 55 55
0132_0112_0100_0101_0101.jpg 1 112 100 101 101
0133_0145_0119_0053_0053.jpg 1 145 119 53 53
0134_0034_0082_0103_0103.jpg 1 34 82 103 103
0135_0162_0023_0028_0028.jpg 1 162 23 28 28
0136_0144_0134_0041_0041.jpg 1 144 134 41 41
0137_0054_0124_0042_0042.jpg 1 54 124 42 42
0138_0058_0066_0130_0130.jpg 1 58 66 130 130
0139_0084_0132_0087_0087.jpg 1 84 132 87 87
0140_0069_0042_0126_0126.jpg 1 69 42 126 126
0141_0128_0019_0160_0160.jpg 1 128 19 160 160
0142_0138_0073_0130_0130.jpg 1 138 73 130 130
0143_0041_0134_0070_0070.jpg 1 41 134 70 70
0144_0108_0018_0098_0098.jpg 1 108 18 98 98
0145_0082_0054_0161_0161.jpg 1 82 54 161 161
0146_0083_0087_0129_0129.jpg 1 83 87 129 129
0147_0160_0096_0043_0043.jpg 1 160 96 43 43
0148_0172_0059_0057_0057.jpg 1 172 59 57 57
0149_0138_0086_0072_0072.jpg 1 138 86 72 72
0150_0035_0105_0055_0055.jpg 1 35 105 55 55
0151_0165_0073_0134_0134.jpg 1 165 73 134 134
0152_0210_0023_0066_0066.jpg 1 210 23 66 66
0153_0104_0028_0125_0125.jpg 1 104 28 125 125
0154_0058_0053_0104_0104.jpg 1 58 53 104 104
0155_0136_0130_0025_0025.jpg 1 136 130 25 25
0156_0088_0043_0163_0163.jpg 1 88 43 163 163
0157_0236_0126_0057_0057.jpg 1 236 126 57 57
0158_0123_0019_0161_0161.jpg 1 123 19 161 161
0159_0185_0145_0052_0052.jpg 1 185 145 52 52
0160_0229_0032_0050_0050.jpg 1 229 32 50 50
0161_0047_0086_0086_0086.jpg 1 47 86 86 86
0162_0170_0061_0119_0119.jpg 1 170 61 119 119
0163_0155_0025_0093_0093.jpg 1 155 25 93 93
0164_0184_0128_0055_0055.jpg 1 184 128 55 55
0165_0154_0021_0143_0143.jpg 1 154 21 143 143
0166_0154_0124_0043_0043.jpg 1 154 124 43 43
0167_0117_0039_0051_0051.jpg 1 117 39 51 51
0168_0113_0137_0070_0070.jpg 1 113 137 70 70
0169_0144_0100_0112_0112.jpg 1 144 100 112 112
0170_0088_0127_0079_0079.jpg 1 88 127 79 79
0171_0162_0086_0077_0077.jpg 1 162 86 77 77
0172_0103_0071_0158_0158.jpg 1 103 71 158 158
0173_0049_0145_0078_0078.jpg 1 49 145 78 78
0174_0027_0043_0147_0147.jpg 1 27 43 147 147
0175_0030_0024_0140_0140.jpg 1 30 24 140 140
0176_0106_0035_0095_0095.jpg 1 106 35 95 95
0177_0110_0070_0060_0060.jpg 1 110 70 60 60
0178_0141_0090_0088_0088.jpg 1 141 90 88 88
0179_0217_0054_0050_0050.jpg 1 217 54 50 50
0180_0131_0040_0096_0096.jpg 1 131 40 96 96
0181_0036_0088_0113_0113.jpg 1 36 88 113 113
0182_0070_0093_0048_0048.jpg 1 70 93 48 48
0183_0108_0014_0113_0113.jpg 1 108 14 113 113
0184_0204_0171_0041_0041.jpg 1 204 171 41 41
0185_0131_0054_0127_0127.jpg 1 131 54 127 127
0186_0022_0028_0128_0128.jpg 1 22 28 128 128
0187_0198_0179_0026_0026.jpg 1 198 179 26 26
0188_0039_0112_0103_0103.jpg 1 39 112 103 103
0189_0182_0072_0065_0065.jpg 1 182 72 65 65
0190_0170_0061_0096_0096.jpg 1 170 61 96 96
0191_0038_0043_0055_0055.jpg 1 38 43 55 55
0192_0173_0107_0046_0046.jpg 1 173 107 46 46
0193_0028_0021_0152_0152.jpg 1 28 21 152 152
0194_0194_0032_0070_0070.jpg 1 194 32 70 70
0195_0157_0028_0055_0055.jpg 1 157 28 55 55
0196_0022_0081_0099_0099.jpg 1 22 81 99 99
0197_0190_0023_0060_0060.jpg 1 190 23 60 60
0198_0080_0073_0140_0140.jpg 1 80 73 140 140
0199_0113_0033_0029_0029.jpg 1 113 33 29 29
0200_0092_0053_0153_0153.jpg 1 92 53 153 153
0201_0039_0040_0147_0147.jpg 1 39 40 147 147
0202_0139_0054_0152_0152.jpg 1 139 54 152 152
0203_0053_0124_0035_0035.jpg 1 53 124 35 35
0204_0149_0085_0089_0089.jpg 1 149 85 89 89
0205_0186_0192_0025_0025.jpg 1 186 192 25 25
0206_0151_0073_0135_0135.jpg 1 151 73 135 135
0207_0112_0064_0116_0116.jpg 1 112 64 116 116
0208_0099_0015_0141_0141.jpg 1 99 15 141 141
0209_0099_0081_0084_0084.jpg 1 99 81 84 84
0210_0164_0014_0108_0108.jpg 1 164 14 108 108
0211_0132_0094_0106_0106.jpg 1 132 94 106 106
0212_0163_0054_0136_0136.jpg 1 163 54 136 136
0213_0107_0048_0105_0105.jpg 1 107 48 105 105
0214_0070_0032_0054_0054.jpg 1 70 32 54 54
0215_0128_0025_0063_0063.jpg 1 128 25 63 63
0216_0130_0169_0024_0024.jpg 1 130 169 24 24
0217_0120_0109_0051_0051.jpg 1 120 109 51 51
0218_0022_0044_0160_0160.jpg 1 22 44 160 160
0219_0050_0101_0078_0078.jpg 1 50 101 78 78
0220_0034_0060_0150_0150.jpg 1 34 60 150 150
0221_0032_0106_0039_0039.jpg 1 32 106 39 39
0222_0215_0142_0060_0060.jpg 1 215 142 60 60
0223_0052_0074_0145_0145.jpg 1 52 74 145 145
0224_0093_0063_0124_0124.jpg 1 93 63 124 124
0225_0193_0105_0104_0104.jpg 1 193 105 104 104
0226_0091_0037_0130_0130.jpg 1 91 37 130 130
0227_0191_0044_0073_0073.jpg 1 191 44 73 73
0228_0045_0074_0137_0137.jpg 1 45 74 137 137
0229_0065_0046_0122_0122.jpg 1 65 46 122 122
0230_0055_0019_0153_0153.jpg 1 55 19 153 153
0231_0018_0081_0140_0140.jpg 1 18 81 140 140
0232_0066_0039_0144_0144.jpg 1 66 39 144 144
0233_0153_0027_0090_0090.jpg 1 153 27 90 90
0234_0030_0093_0052_0052.jpg 1 30 93 52 52
0235_0219_0175_0044_0044.jpg 1 219 175 44 44
0236_0112_0140_0066_0066.jpg 1 112 140 66 66
0237_0114_0147_0061_0061.jpg 1 114 147 61 61
0238_0085_0100_0080_0080.jpg 1 85 100 80 80
0239_0200_0057_0084_0084.jpg 1 200 57 84 84
0240_0104_0026_0083_0083.jpg 1 104 26 83 83
0241_0057_0010_0164_0164.jpg 1 57 10 164 164
0242_0198_0125_0067_0067.jpg 1 198 125 67 67
0243_0047_0032_0124_0124.jpg 1 47 32 124 124
0244_0152_0083_0125_0125.jpg 1 152 83 125 125
0245_0092_0056_0150_0150.jpg 1 92 56 150 150
0246_0064_0065_0161_0161.jpg 1 64 65 161 161
0247_0180_0119_0041_0041.jpg 1 180 119 41 41
0248_0141_0016_0155_0155.jpg 1 141 16 155 155
0249_0026_0064_0156_0156.jpg 1 26 64 156 156
0250_0191_0047_0089_0089.jpg 1 191 47 89 89
0251_0101_0097_0083_0083.jpg 1 101 97 83 83
0252_0037_0099_0062_0062.jpg 1 37 99 62 62
0253_0069_0031_0046_0046.jpg 1 69 31 46 46
0254_0150_0011_0150_0150.jpg 1 150 11 150 150
0255_0063_0082_0146_0146.jpg 1 63 82 146 146
0256_0054_0078_0105_0105.jpg 1 54 78 105 105
0257_0096_0114_0049_0049.jpg 1 96 114 49 49
0258_0112_0107_0030_0030.jpg 1 112 107 30 30
0259_0094_0077_0147_0147.jpg 1 94 77 147 147
0260_0078_0099_0070_0070.jpg 1 78 99 70 70
0261_0108_0061_0081_0081.jpg 1 108 61 81 81
0262_0147_0140_0072_0072.jpg 1 147 140 72 72
0263_0083_0014_0158_0158.jpg 1 83 14 158 158
0264_0104_0090_0114_0114.jpg 1 104 90 114 114
0265_0210_0090_0033_0033.jpg 1 210 90 33 33
0266_0071_0049_0149_0149.jpg 1 71 49 149 149
0267_0180_0051_0104_0104.jpg 1 180 51 104 104
0268_0077_0047_0159_0159.jpg 1 77 47 159 159
0269_0134_0149_0069_0069.jpg 1 134 149 69 69
0270_0021_0057_0144_0144.jpg 1 21 57 144 144
0271_0161_0110_0069_0069.jpg 1 161 110 69 69
0272_0118_0165_0051_0051.jpg 1 118 165 51 51
0273_0215_0027_0050_0050.jpg 1 215 27 50 50
0274_0116_0057_0124_0124.jpg 1 116 57 124 124
0275_0159_0019_0070_0070.jpg 1 159 19 70 70
0276_0143_0049_0040_0040.jpg 1 143 49 40 40
0277_0197_0054_0024_0024.jpg 1 197 54 24 24
0278_0056_0063_0161_0161.jpg 1 56 63 161 161
0279_0062_0121_0078_0078.jpg 1 62 121 78 78
0280_0131_0041_0149_0149.jpg 1 131 41 149 149
0281_0109_0111_0043_0043.jpg 1 109 111 43 43
0282_0139_0059_0042_0042.jpg 1 139 59 42 42
0283_0119_0123_0069_0069.jpg 1 119 123 69 69
0284_0129_0080_0132_0132.jpg 1 129 80 132 132
0285_0105_0055_0122_0122.jpg 1 105 55 122 122
0286_0036_0142_0067_0067.jpg 1 36 142 67 67
0287_0026_0083_0141_0141.jpg 1 26 83 141 141
0288_0045_0017_0090_0090.jpg 1 45 17 90 90
0289_0135_0083_0044_0044.jpg 1 135 83 44 44
0290_0045_0041_0136_0136.jpg 1 45 41 136 136
0291_0144_0069_0155_0155.jpg 1 144 69 155 155
0292_0047_0034_0150_0150.jpg 1 47 34 150 150
0293_0059_0042_0077_0077.jpg 1 59 42 77 77
0294_0114_0125_0097_0097.jpg 1 114 125 97 97
0295_0170_0076_0111_0111.jpg 1 170 76 111 111
0296_0111_0063_0079_0079.jpg 1 111 63 79 79
0297_0166_0076_0122_0122.jpg 1 166 76 122 122
0298_0127_0011_0161_0161.jpg 1 127 11 161 161
0299_0109_0053_0132_0132.jpg 1 109 53 132 132
0300_0109_0125_0097_0097.jpg 1 109 125 97 97
0301_0143_0049_0064_0064.jpg 1 143 49 64 64
0302_0066_0094_0123_0123.jpg 1 66 94 123 123
0303_0200_0123_0036_0036.jpg 1 200 123 36 36
0304_0094_0094_0045_0045.jpg 1 94 94 45 45
0305_0103_0058_0120_0120.jpg 1 103 58 120 120
0306_0076_0101_0122_0122.jpg 1 76 101 122 122
0307_0101_0024_0091_0091.jpg 1 101 24 91 91
0308_0186_0071_0073_0073.jpg 1 186 71 73 73
0309_0160_0044_0036_0036.jpg 1 160 44 36 36
0310_0222_0065_0058_0058.jpg 1 222 65 58 58
0311_0203_0079_0060_0060.jpg 1 203 79 60 60
0312_0066_0073_0041_0041.jpg 1 66 73 41 41
0313_0070_0029_0026_0026.jpg 1 70 29 26 26
0314_0120_0058_0135_0135.jpg 1 120 58 135 135
0315_0149_0042_0143_0143.jpg 1 149 42 143 143
0316_0059_0082_0144_0144.jpg 1 59 82 144 144
0317_0037_0070_0106_0106.jpg 1 37 70 106 106
0318_0147_0079_0043_0043.jpg 1 147 79 43 43
0319_0168_0078_0120_0120.jpg 1 168 78 120 120
0320_0168_0078_0070_0070.jpg 1 168 78 70 70
0321_0164_0078_0095_0095.jpg 1 164 78 95 95
0322_0077_0157_0064_0064.jpg 1 77 157 64 64
0323_0048_0147_0028_0028.jpg 1 48 147 28 28
0324_0108_0101_0122_0122.jpg 1 108 101 122 122
0325_0033_0020_0137_0137.jpg 1 33 20 137 137
0326_0084_0071_0124_0124.jpg 1 84 71 124 124
0327_0062_0022_0164_0164.jpg 1 62 22 164 164
0328_0097_0044_0070_0070.jpg 1 97 44 70 70
0329_0161_0046_0112_0112.jpg 1 161 46 112 112
0330_0167_0065_0125_0125.jpg 1 167 65 125 125
0331_0087_0022_0129_0129.jpg 1 87 22 129 129
0332_0149_0174_0045_0045.jpg 1 149 174 45 45
0333_0098_0055_0071_0071.jpg 1 98 55 71 71
0334_0033_0052_0119_0119.jpg 1 33 52 119 119
0335_0129_0076_0099_0099.jpg 1 129 76 99 99
0336_0059_0149_0029_0029.jpg 1 59 149 29 29
0337_0090_0101_0127_0127.jpg 1 90 101 127 127
0338_0084_0063_0134_0134.jpg 1 84 63 134 134
0339_0023_0025_0146_0146.jpg 1 23 25 146 146
0340_0099_0012_0156_0156.jpg 1 99 12 156 156
0341_0179_0175_0030_0030.jpg 1 179 175 30 30
0342_0087_0113_0067_0067.jpg 1 87 113 67 67
0343_0104_0111_0114_0114.jpg 1 104 111 114 114
0344_0132_0041_0114_0114.jpg 1 132 41 114 114
0345_0150_0085_0056_0056.jpg 1 150 85 56 56
0346_0122_0064_0132_0132.jpg 1 122 64 132 132
0347_0171_0162_0058_0058.jpg 1 171 162 58 58
0348_0079_0048_0158_0158.jpg 1 79 48 158 158
0349_0190_0112_0053_0053.jpg 1 190 112 53 53
0350_0056_0032_0052_0052.jpg 1 56 32 52 52
0351_0112_0030_0135_0135.jpg 1 112 30 135 135
0352_0038_0074_0091_0091.jpg 1 38 74 91 91
0353_0246_0062_0025_0025.jpg 1 246 62 25 25
0354_0151_0092_0025_0025.jpg 1 151 92 25 25
0355_0128_0039_0027_0027.jpg 1 128 39 27 27
0356_0032_0046_0132_0132.jpg 1 32 46 132 132
0357_0038_0097_0107_0107.jpg 1 38 97 107 107
0358_0059_0095_0047_0047.jpg 1 59 95 47 47
0359_0155_0055_0124_0124.jpg 1 155 55 124 124
0360_0095_0034_0073_0073.jpg 1 95 34 73 73
0361_0170_0130_0059_0059.jpg 1 170 130 59 59
0362_0096_0062_0112_0112.jpg 1 96 62 112 112
0363_0042_0070_0159_0159.jpg 1 42 70 159 159
0364_0121_0020_0160_0160.jpg 1 121 20 160 160
0365_0055_0035_0035_0035.jpg 1 55 35 35 35
0366_0070_0036_0164_0164.jpg 1 70 36 164 164
0367_0121_0027_0102_0102.jpg 1 121 27 102 102
0368_0075_0019_0159_0159.jpg 1 75 19 159 159
0369_0206_0123_0072_0072.jpg 1 206 123 72 72
0370_0220_0105_0041_0041.jpg 1 220 105 41 41
0371_0076_0104_0050_0050.jpg 1 76 104 50 50
0372_0039_0010_0152_0152.jpg 1 39 10 152 152
0373_0087_0057_0114_0114.jpg 1 87 57 114 114
0374_0094_0081_0149_0149.jpg 1 94 81 149 149
0375_0037_0016_0166_0166.jpg 1 37 16 166 166
0376_0065_0024_0075_0075.jpg 1 65 24 75 75
0377_0138_0114_0107_0107.jpg 1 138 114 107 107
0378_0043_0117_0078_0078.jpg 1 43 117 78 78
0379_0169_0041_0119_0119.jpg 1 169 41 119 119
0380_0049_0009_0162_0162.jpg 1 49 9 162 162
0381_0249_0065_0029_0029.jpg 1 249 65 29 29
0382_0119_0013_0151_0151.jpg 1 119 13 151 151
0383_0151_0036_0110_0110.jpg 1 151 36 110 110
0384_0098_0067_0160_0160.jpg 1 98 67 160 160
0385_0023_0024_0102_0102.jpg 1 23 24 102 102
0386_0132_0053_0164_0164.jpg 1 132 53 164 164
0387_0076_0055_0091_0091.jpg 1 76 55 91 91
0388_0141_0013_0149_0149.jpg 1 141 13 149 149
0389_0190_0053_0081_0081.jpg 1 190 53 81 81
0390_0174_0092_0103_0103.jpg 1 174 92 103 103
0391_0035_0083_0072_0072.jpg 1 35 83 72 72
0392_0142_0050_0120_0120.jpg 1 142 50 120 120
0393_0120_0074_0143_0143.jpg 1 120 74 143 143
0394_0036_0141_0037_0037.jpg 1 36 141 37 37
0395_0146_0168_0039_0039.jpg 1 146 168 39 39
0396_0069_0083_0094_0094.jpg 1 69 83 94 94
0397_0120_0040_0135_0135.jpg 1 120 40 135 135
0398_0078_0079_0145_0145.jpg 1 78 79 145 145
0399_0061_0033_0155_0155.jpg 1 61 33 155 155
0400_0236_0061_0056_0056.jpg 1 236 61 56 56
0401_0060_0064_0148_0148.jpg 1 60 64 148 148
0402_0082_0121_0072_0072.jpg 1 82 121 72 72
0403_0158_0020_0037_0037.jpg 1 158 20 37 37
0404_0122_0059_0109_0109.jpg 1 122 59 109 109
0405_0230_0133_0044_0044.jpg 1 230 133 44 44
0406_0187_0134_0061_0061.jpg 1 187 134 61 61
0407_0038_0079_0072_0072.jpg 1 38 79 72 72
0408_0092_0047_0138_0138.jpg 1 92 47 138 138
0409_0257_0159_0026_0026.jpg 1 257 159 26 26
0410_0056_0176_0033_0033.jpg 1 56 176 33 33
0411_0022_0031_0141_0141.jpg 1 22 31 141 141
0412_0098_0072_0133_0133.jpg 1 98 72 133 133
0413_0161_0038_0123_0123.jpg 1 161 38 123 123
0414_0100_0023_0060_0060.jpg 1 100 23 60 60
0415_0026_0016_0085_0085.jpg 1 26 16 85 85
0416_0102_0041_0167_0167.jpg 1 102 41 167 167
0417_0054_0101_0074_0074.jpg 1 54 101 74 74
0418_0198_0093_0077_0077.jpg 1 198 93 77 77
0419_0121_0058_0080_0080.jpg 1 121 58 80 80
0420_0123_0043_0155_0155.jpg 1 123 43 155 155
0421_0167_0014_0119_0119.jpg 1 167 14 119 119
0422_0081_0019_0118_0118.jpg 1 81 19 118 118
0423_0023_0052_0121_0121.jpg 1 23 52 121 121
0424_0091_0139_0039_0039.jpg 1 91 139 39 39
0425_0119_0066_0081_0081.jpg 1 119 66 81 81
0426_0118_0036_0107_0107.jpg 1 118 36 107 107
0427_0126_0042_0084_0084.jpg 1 126 42 84 84
0428_0109_0018_0088_0088.jpg 1 109 18 88 88
0429_0154_0105_0056_0056.jpg 1 154 105 56 56
0430_0141_0055_0124_0124.jpg 1 141 55 124 124
0431_0056_0086_0102_0102.jpg 1 56 86 102 102
0432_0017_0042_0155_0155.jpg 1 17 42 155 155
0433_0163_0073_0058_0058.jpg 1 163 73 58 58
0434_0056_0122_0089_0089.jpg 1 56 122 89 89
0435_0066_0141_0070_0070.jpg 1 66 141 70 70
0436_0065_0018_0166_0166.jpg 1 65 18 166 166
0437_0080_0034_0146_0146.jpg 1 80 34 146 146
0438_0074_0023_0093_0093.jpg 1 74 23 93 93
0439_0071_0052_0136_0136.jpg 1 71 52 136 136
0440_0204_0101_0085_0085.jpg 1 204 101 85 85
0441_0145_0104_0077_0077.jpg 1 145 104 77 77
0442_0096_0082_0109_0109.jpg 1 96 82 109 109
0443_0120_0072_0150_0150.jpg 1 120 72 150 150
0444_0090_0017_0136_0136.jpg 1 90 17 136 136
0445_0029_0059_0048_0048.jpg 1 29 59 48 48
0446_0242_0136_0026_0026.jpg 1 242 136 26 26
0447_0094_0042_0145_0145.jpg 1 94 42 145 145
0448_0048_0015_0127_0127.jpg 1 48 15 127 127
0449_0066_0059_0157_0157.jpg 1 66 59 157 157
0450_0123_0050_0114_0114.jpg 1 123 50 114 114
0451_0119_0013_0165_0165.jpg 1 119 13 165 165
0452_0048_0038_0090_0090.jpg 1 48 38 90 90
0453_0030_0046_0060_0060.jpg 1 30 46 60 60
0454_0044_0020_0131_0131.jpg 1 44 20 131 131
0455_0150_0050_0052_0052.jpg 1 150 50 52 52
0456_0052_0045_0115_0115.jpg 1 52 45 115 115
0457_0052_0028_0156_0156.jpg 1 52 28 156 156
0458_0050_0019_0125_0125.jpg 1 50 19 125 125
0459_0093_0049_0142_0142.jpg 1 93 49 142 142
0460_0142_0090_0094_0094.jpg 1 142 90 94 94
0461_0034_0032_0105_0105.jpg 1 34 32 105 105
0462_0078_0009_0166_0166.jpg 1 78 9 166 166
0463_0073_0012_0155_0155.jpg 1 73 12 155 155
0464_0074_0014_0167_0167.jpg 1 74 14 167 167
0465_0225_0034_0030_0030.jpg 1 225 34 30 30
0466_0120_0071_0070_0070.jpg 1 120 71 70 70
0467_0094_0046_0145_0145.jpg 1 94 46 145 145
0468_0119_0023_0153_0153.jpg 1 119 23 153 153
0469_0141_0032_0104_0104.jpg 1 141 32 104 104
0470_0145_0013_0144_0144.jpg 1 145 13 144 144
0471_0085_0092_0137_0137.jpg 1 85 92 137 137
0472_0162_0108_0084_0084.jpg 1 162 108 84 84
0473_0147_0086_0093_0093.jpg 1 147 86 93 93
0474_0097_0026_0152_0152.jpg 1 97 26 152 152
0475_0081_0020_0143_0143.jpg 1 81 20 143 143
0476_0202_0138_0026_0026.jpg 1 202 138 26 26
0477_0137_0106_0115_0115.jpg 1 137 106 115 115
0478_0172_0050_0104_0104.jpg 1 172 50 104 104
0479_0150_0030_0137_0137.jpg 1 150 30 137 137
0480_0146_0014_0108_0108.jpg 1 146 14 108 108
0481_0253_0105_0035_0035.jpg 1 253 105 35 35
0482_0046_0057_0162_0162.jpg 1 46 57 162 162
0483_0062_0126_0065_0065.jpg 1 62 126 65 65
0484_0081_0054_0163_0163.jpg 1 81 54 163 163
0485_0074_0075_0081_0081.jpg 1 74 75 81 81
0486_0136_0116_0064_0064.jpg 1 136 116 64 64
0487_0171_0125_0032_0032.jpg 1 171 125 32 32
0488_0042_0021_0144_0144.jpg 1 42 21 144 144
0489_0097_0073_0148_0148.jpg 1 97 73 148 148
0490_0125_0112_0046_0046.jpg 1 125 112 46 46
0491_0072_0060_0156_0156.jpg 1 72 60 156 156
0492_0104_0066_0027_0027.jpg 1 104 66 27 27
0493_0173_0062_0045_0045.jpg 1 173 62 45 45
0494_0124_0040_0165_0165.jpg 1 124 40 165 165
0495_0236_0022_0049_0049.jpg 1 236 22 49 49
0496_0020_0061_0117_0117.jpg 1 20 61 117 117
0497_0057_0110_0076_0076.jpg 1 57 110 76 76
0498_0029_0026_0167_0167.jpg 1 29 26 167 167
0499_0047_0030_0148_0148.jpg 1 47 30 148 148
0500_0141_0065_0057_0057.jpg 1 141 65 57 57
0501_0028_0066_0162_0162.jpg 1 28 66 162 162
0502_0208_0021_0038_0038.jpg 1 208 21 38 38
0503_0039_0017_0157_0157.jpg 1 39 17 157 157
0504_0026_0034_0140_0140.jpg 1 26 34 140 140
0505_0166_0078_0057_0057.jpg 1 166 78 57 57
0506_0023_0060_0107_0107.jpg 1 23 60 107 107
0507_0078_0074_0048_0048.jpg 1 78 74 48 48
0508_0121_0091_0107_0107.jpg 1 121 91 107 107
0509_0073_0078_0147_0147.jpg 1 73 78 147 147
0510_0189_0087_0108_0108.jpg 1 189 87 108 108
0511_0129_0010_0149_0149.jpg 1 129 10 149 149
0512_0170_0066_0086_0086.jpg 1 170 66 86 86
0513_0023_0015_0140_0140.jpg 1 23 15 140 140
0514_0111_0014_0119_0119.jpg 1 111 14 119 119
0515_0022_0097_0111_0111.jpg 1 22 97 111 111
0516_0060_0028_0106_0106.jpg 1 60 28 106 106
0517_0112_0053_0150_0150.jpg 1 112 53 150 150
0518_0026_0078_0133_0133.jpg 1 26 78 133 133
0519_0203_0088_0087_0087.jpg 1 203 88 87 87
0520_0055_0067_0158_0158.jpg 1 55 67 158 158
0521_0040_0048_0116_0116.jpg 1 40 48 116 116
0522_0169_0112_0026_0026.jpg 1 169 112 26 26
0523_0105_0024_0082_0082.jpg 1 105 24 82 82
0524_0177_0118_0075_0075.jpg 1 177 118 75 75
0525_0164_0175_0030_0030.jpg 1 164 175 30 30
0526_0203_0141_0067_0067.jpg 1 203 141 67 67
0527_0134_0079_0057_0057.jpg 1 134 79 57 57
0528_0149_0029_0028_0028.jpg 1 149 29 28 28
0529_0075_0122_0049_0049.jpg 1 75 122 49 49
0530_0071_0055_0115_0115.jpg 1 71 55 115 115
0531_0161_0089_0052_0052.jpg 1 161 89 52 52
0532_0068_0130_0067_0067.jpg 1 68 130 67 67
0533_0133_0049_0167_0167.jpg 1 133 49 167 167
0534_0107_0138_0086_0086.jpg 1 107 138 86 86
0535_0023_0064_0128_0128.jpg 1 23 64 128 128
0536_0122_0149_0072_0072.jpg 1 122 149 72 72
0537_0090_0036_0162_0162.jpg 1 90 36 162 162
0538_0056_0122_0031_0031.jpg 1 56 122 31 31
0539_0191_0147_0060_0060.jpg 1 191 147 60 60
0540_0023_0020_0155_0155.jpg 1 23 20 155 155
0541_0017_0036_0167_0167.jpg 1 17 36 167 167
0542_0115_0136_0025_0025.jpg 1 115 136 25 25
0543_0095_0048_0087_0087.jpg 1 95 48 87 87
0544_0027_0042_0143_0143.jpg 1 27 42 143 143
0545_0101_0058_0165_0165.jpg 1 101 58 165 165
0546_0052_0087_0128_0128.jpg 1 52 87 128 128
0547_0064_0029_0104_0104.jpg 1 64 29 104 104
0548_0074_0111_0078_0078.jpg 1 74 111 78 78
0549_0137_0041_0158_0158.jpg 1 137 41 158 158
0550_0100_0065_0123_0123.jpg 1 100 65 123 123
0551_0107_0145_0060_0060.jpg 1 107 145 60 60
0552_0165_0054_0131_0131.jpg 1 165 54 131 131
0553_0100_0038_0071_0071.jpg 1 100 38 71 71
0554_0145_0124_0058_0058.jpg 1 145 124 58 58
0555_0192_0042_0106_0106.jpg 1 192 42 106 106
0556_0059_0022_0139_0139.jpg 1 59 22 139 139
0557_0131_0074_0068_0068.jpg 1 131 74 68 68
0558_0065_0128_0072_0072.jpg 1 65 128 72 72
0559_0125_0128_0097_0097.jpg 1 125 128 97 97
0560_0091_0031_0143_0143.jpg 1 91 31 143 143
0561_0188_0120_0054_0054.jpg 1 188 120 54 54
0562_0212_0075_0034_0034.jpg 1 212 75 34 34
0563_0090_0031_0159_0159.jpg 1 90 31 159 159
0564_0125_0020_0115_0115.jpg 1 125 20 115 115
0565_0242_0155_0048_0048.jpg 1 242 155 48 48
0566_0085_0069_0066_0066.jpg 1 85 69 66 66
0567_0207_0042_0042_0042.jpg 1 207 42 42 42
0568_0090_0027_0144_0144.jpg 1 90 27 144 144
0569_0081_0112_0066_0066.jpg 1 81 112 66 66
0570_0053_0079_0132_0132.jpg 1 53 79 132 132
0571_0111_0102_0048_0048.jpg 1 111 102 48 48
0572_0180_0016_0119_0119.jpg 1 180 16 119 119
0573_0154_0040_0138_0138.jpg 1 154 40 138 138
0574_0053_0010_0152_0152.jpg 1 53 10 152 152
0575_0075_0019_0152_0152.jpg 1 75 19 152 152
0576_0216_0045_0073_0073.jpg 1 216 45 73 73
0577_0075_0136_0067_0067.jpg 1 75 136 67 67
0578_0071_0029_0162_0162.jpg 1 71 29 162 162
0579_0051_0092_0122_0122.jpg 1 51 92 122 122
0580_0116_0034_0087_0087.jpg 1 116 34 87 87
0581_0136_0032_0139_0139.jpg 1 136 32 139 139
0582_0119_0061_0153_0153.jpg 1 119 61 153 153
0583_0096_0088_0031_0031.jpg 1 96 88 31 31
0584_0242_0067_0031_0031.jpg 1 242 67 31 31
0585_0077_0020_0150_0150.jpg 1 77 20 150 150
0586_0120_0063_0132_0132.jpg 1 120 63 132 132
0587_0098_0050_0031_0031.jpg 1 98 50 31 31
0588_0031_0113_0101_0101.jpg 1 31 113 101 101
0589_0088_0078_0138_0138.jpg 1 88 78 138 138
0590_0041_0100_0088_0088.jpg 1 41 100 88 88
0591_0197_0029_0086_0086.jpg 1 197 29 86 86
0592_0077_0010_0157_0157.jpg 1 77 10 157 157
0593_0186_0139_0083_0083.jpg 1 186 139 83 83
0594_0040_0111_0057_0057.jpg 1 40 111 57 57
0595_0176_0095_0063_0063.jpg 1 176 95 63 63
0596_0208_0129_0067_0067.jpg 1 208 129 67 67
0597_0229_0164_0043_0043.jpg 1 229 164 43 43
0598_0062_0061_0033_0033.jpg 1 62 61 33 33
0599_0152_0048_0055_0055.jpg 1 152 48 55 55
0600_0044_0092_0135_0135.jpg 1 44 92 135 135
0601_0146_0018_0157_0157.jpg 1 146 18 157 157
0602_0097_0064_0121_0121.jpg 1 97 64 121 121
0603_0177_0025_0115_0115.jpg 1 177 25 115 115
0604_0193_0119_0064_0064.jpg 1 193 119 64 64
0605_0155_0029_0046_0046.jpg 1 155 29 46 46
0606_0138_0098_0095_0095.jpg 1 138 98 95 95
0607_0100_0023_0160_0160.jpg 1 100 23 160 160
0608_0068_0013_0117_0117.jpg 1 68 13 117 117
0609_0126_0035_0094_0094.jpg 1 126 35 94 94
0610_0204_0108_0068_0068.jpg 1 204 108 68 68
0611_0054_0080_0101_0101.jpg 1 54 80 101 101
0612_0129_0027_0076_0076.jpg 1 129 27 76 76
0613_0168_0051_0116_0116.jpg 1 168 51 116 116
0614_0036_0064_0104_0104.jpg 1 36 64 104 104
0615_0161_0061_0115_0115.jpg 1 161 61 115 115
0616_0103_0046_0156_0156.jpg 1 103 46 156 156
0617_0114_0090_0076_0076.jpg 1 114 90 76 76
0618_0152_0164_0053_0053.jpg 1 152 164 53 53
0619_0133_0171_0046_0046.jpg 1 133 171 46 46
0620_0055_0018_0162_0162.jpg 1 55 18 162 162
0621_0193_0117_0034_0034.jpg 1 193 117 34 34
0622_0080_0132_0058_0058.jpg 1 80 132 58 58
0623_0029_0051_0116_0116.jpg 1 29 51 116 116
0624_0066_0051_0124_0124.jpg 1 66 51 124 124
0625_0116_0077_0096_0096.jpg 1 116 77 96 96
0626_0027_0105_0104_0104.jpg 1 27 105 104 104
0627_0081_0060_0137_0137.jpg 1 81 60 137 137
0628_0047_0083_0119_0119.jpg 1 47 83 119 119
0629_0055_0090_0111_0111.jpg 1 55 90 111 111
0630_0112_0076_0041_0041.jpg 1 112 76 41 41
0631_0087_0045_0110_0110.jpg 1 87 45 110 110
0632_0131_0032_0165_0165.jpg 1 131 32 165 165
0633_0174_0040_0106_0106.jpg 1 174 40 106 106
0634_0103_0018_0139_0139.jpg 1 103 18 139 139
0635_0092_0046_0159_0159.jpg 1 92 46 159 159
0636_0033_0047_0111_0111.jpg 1 33 47 111 111
0637_0174_0015_0119_0119.jpg 1 174 15 119 119
0638_0146_0036_0129_0129.jpg 1 146 36 129 129
0639_0023_0090_0089_0089.jpg 1 23 90 89 89
0640_0096_0037_0166_0166.jpg 1 96 37 166 166
0641_0135_0063_0136_0136.jpg 1 135 63 136 136
0642_0159_0074_0081_0081.jpg 1 159 74 81 81
0643_0018_0069_0138_0138.jpg 1 18 69 138 138
0644_0137_0015_0150_0150.jpg 1 137 15 150 150
0645_0172_0164_0046_0046.jpg 1 172 164 46 46
0646_0103_0020_0086_0086.jpg 1 103 20 86 86
0647_0109_0132_0036_0036.jpg 1 109 132 36 36
0648_0195_0152_0026_0026.jpg 1 195 152 26 26
0649_0136_0019_0163_0163.jpg 1 136 19 163 163
0650_0214_0184_0033_0033.jpg 1 214 184 33 33
0651_0104_0177_0032_0032.jpg 1 104 177 32 32
0652_0185_0048_0058_0058.jpg 1 185 48 58 58
0653_0094_0059_0025_0025.jpg 1 94 59 25 25
0654_0125_0014_0127_0127.jpg 1 125 14 127 127
0655_0068_0026_0122_0122.jpg 1 68 26 122 122
0656_0033_0071_0098_0098.jpg 1 33 71 98 98
0657_0127_0106_0076_0076.jpg 1 127 106 76 76
0658_0156_0086_0053_0053.jpg 1 156 86 53 53
0659_0106_0032_0154_0154.jpg 1 106 32 154 154
0660_0125_0074_0149_0149.jpg 1 125 74 149 149
0661_0182_0098_0045_0045.jpg 1 182 98 45 45
0662_0212_0144_0049_0049.jpg 1 212 144 49 49
0663_0187_0096_0108_0108.jpg 1 187 96 108 108
0664_0116_0041_0162_0162.jpg 1 116 41 162 162
0665_0070_0137_0079_0079.jpg 1 70 137 79 79
0666_0040_0041_0046_0046.jpg 1 40 41 46 46
0667_0124_0041_0158_0158.jpg 1 124 41 158 158
0668_0106_0025_0153_0153.jpg 1 106 25 153 153
0669_0110_0092_0128_0128.jpg 1 110 92 128 128
0670_0082_0042_0155_0155.jpg 1 82 42 155 155
0671_0039_0082_0129_0129.jpg 1 39 82 129 129
0672_0032_0063_0166_0166.jpg 1 32 63 166 166
0673_0173_0146_0076_0076.jpg 1 173 146 76 76
0674_0160_0097_0031_0031.jpg 1 160 97 31 31
0675_0184_0116_0109_0109.jpg 1 184 116 109 109
0676_0062_0071_0152_0152.jpg 1 62 71 152 152
0677_0099_0056_0131_0131.jpg 1 99 56 131 131
0678_0087_0031_0157_0157.jpg 1 87 31 157 157
0679_0045_0175_0040_0040.jpg 1 45 175 40 40
0680_0076_0017_0094_0094.jpg 1 76 17 94 94
0681_0045_0085_0124_0124.jpg 1 45 85 124 124
0682_0056_0085_0073_0073.jpg 1 56 85 73 73
0683_0198_0077_0072_0072.jpg 1 198 77 72 72
0684_0144_0063_0069_0069.jpg 1 144 63 69 69
0685_0130_0080_0099_0099.jpg 1 130 80 99 99
0686_0085_0054_0160_0160.jpg 1 85 54 160 160
0687_0171_0138_0027_0027.jpg 1 171 138 27 27
0688_0126_0102_0124_0124.jpg 1 126 102 124 124
0689_0249_0091_0035_0035.jpg 1 249 91 35 35
0690_0037_0053_0125_0125.jpg 1 37 53 125 125
0691_0075_0026_0143_0143.jpg 1 75 26 143 143
0692_0106_0026_0075_0075.jpg 1 106 26 75 75
0693_0217_0074_0041_0041.jpg 1 217 74 41 41
0694_0134_0074_0141_0141.jpg 1 134 74 141 141
0695_0063_0099_0099_0099.jpg 1 63 99 99 99
0696_0169_0072_0125_0125.jpg 1 169 72 125 125
0697_0109_0016_0124_0124.jpg 1 109 16 124 124
0698_0053_0091_0109_0109.jpg 1 53 91 109 109
0699_0093_0048_0147_0147.jpg 1 93 48 147 147
0700_0219_0104_0075_0075.jpg 1 219 104 75 75
0701_0089_0139_0041_0041.jpg 1 89 139 41 41
0702_0101_0031_0079_0079.jpg 1 101 31 79 79
0703_0026_0020_0134_0134.jpg 1 26 20 134 134
0704_0072_0016_0122_0122.jpg 1 72 16 122 122
0705_0074_0149_0054_0054.jpg 1 74 149 54 54
0706_0069_0027_0040_0040.jpg 1 69 27 40 40
0707_0148_0100_0096_0096.jpg 1 148 100 96 96
0708_0136_0132_0080_0080.jpg 1 136 132 80 80
0709_0220_0062_0064_0064.jpg 1 220 62 64 64
0710_0202_0097_0043_0043.jpg 1 202 97 43 43
0711_0140_0046_0137_0137.jpg 1 140 46 137 137
0712_0152_0101_0061_0061.jpg 1 152 101 61 61
0713_0078_0060_0161_0161.jpg 1 78 60 161 161
0714_0140_0038_0142_0142.jpg 1 140 38 142 142
0715_0162_0013_0137_0137.jpg 1 162 13 137 137
0716_0051_0109_0102_0102.jpg 1 51 109 102 102
0717_0089_0023_0079_0079.jpg 1 89 23 79 79
0718_0074_0066_0119_0119.jpg 1 74 66 119 119
0719_0090_0078_0118_0118.jpg 1 90 78 118 118
0720_0106_0082_0121_0121.jpg 1 106 82 121 121
0721_0227_0044_0044_0044.jpg 1 227 44 44 44
0722_0161_0069_0131_0131.jpg 1 161 69 131 131
0723_0113_0110_0108_0108.jpg 1 113 110 108 108
0724_0145_0067_0150_0150.jpg 1 145 67 150 150
0725_0042_0068_0120_0120.jpg 1 42 68 120 120
0726_0227_0103_0067_0067.jpg 1 227 103 67 67
0727_0073_0074_0029_0029.jpg 1 73 74 29 29
0728_0057_0091_0076_0076.jpg 1 57 91 76 76
0729_0128_0063_0114_0114.jpg 1 128 63 114 114
0730_0175_0051_0114_0114.jpg 1 175 51 114 114
0731_0173_0089_0093_0093.jpg 1 173 89 93 93
0732_0057_0116_0038_0038.jpg 1 57 116 38 38
0733_0081_0040_0039_0039.jpg 1 81 40 39 39
0734_0151_0082_0091_0091.jpg 1 151 82 91 91
0735_0211_0157_0031_0031.jpg 1 211 157 31 31
0736_0137_0095_0044_0044.jpg 1 137 95 44 44
0737_0128_0050_0126_0126.jpg 1 128 50 126 126
0738_0049_0029_0042_0042.jpg 1 49 29 42 42
0739_0088_0021_0036_0036.jpg 1 88 21 36 36
0740_0228_0055_0037_0037.jpg 1 228 55 37 37
0741_0247_0068_0035_0035.jpg 1 247 68 35 35
0742_0173_0023_0122_0122.jpg 1 173 23 122 122
0743_0112_0063_0152_0152.jpg 1 112 63 152 152
0744_0119_0025_0103_0103.jpg 1 119 25 103 103
0745_0149_0077_0153_0153.jpg 1 149 77 153 153
0746_0115_0134_0038_0038.jpg 1 115 134 38 38
0747_0090_0092_0112_0112.jpg 1 90 92 112 112
0748_0036_0141_0034_0034.jpg 1 36 141 34 34
0749_0125_0012_0146_0146.jpg 1 125 12 146 146
0750_0109_0083_0146_0146.jpg 1 109 83 146 146
0751_0156_0144_0044_0044.jpg 1 156 144 44 44
0752_0134_0034_0112_0112.jpg 1 134 34 112 112
0753_0038_0092_0134_0134.jpg 1 38 92 134 134
0754_0053_0077_0099_0099.jpg 1 53 77 99 99
0755_0062_0080_0115_0115.jpg 1 62 80 115 115
0756_0051_0069_0141_0141.jpg 1 51 69 141 141
0757_0067_0072_0056_0056.jpg 1 67 72 56 56
0758_0039_0164_0047_0047.jpg 1 39 164 47 47
0759_0110_0088_0092_0092.jpg 1 110 88 92 92
0760_0075_0015_0146_0146.jpg 1 75 15 146 146
0761_0033_0053_0098_0098.jpg 1 33 53 98 98
0762_0081_0014_0105_0105.jpg 1 81 14 105 105
0763_0065_0123_0071_0071.jpg 1 65 123 71 71
0764_0179_0024_0059_0059.jpg 1 179 24 59 59
0765_0027_0108_0076_0076.jpg 1 27 108 76 76
0766_0137_0161_0052_0052.jpg 1 137 161 52 52
0767_0061_0060_0108_0108.jpg 1 61 60 108 108
0768_0075_0049_0120_0120.jpg 1 75 49 120 120
0769_0129_0069_0151_0151.jpg 1 129 69 151 151
0770_0024_0059_0149_0149.jpg 1 24 59 149 149
0771_0076_0073_0075_0075.jpg 1 76 73 75 75
0772_0029_0065_0027_0027.jpg 1 29 65 27 27
0773_0047_0086_0104_0104.jpg 1 47 86 104 104
0774_0068_0056_0129_0129.jpg 1 68 56 129 129
0775_0030_0092_0087_0087.jpg 1 30 92 87 87
0776_0192_0122_0090_0090.jpg 1 192 122 90 90
0777_0150_0052_0138_0138.jpg 1 150 52 138 138
0778_0035_0011_0142_0142.jpg 1 35 11 142 142
0779_0215_0040_0057_0057.jpg 1 215 40 57 57
0780_0056_0091_0106_0106.jpg 1 56 91 106 106
0781_0139_0152_0049_0049.jpg 1 139 152 49 49
0782_0095_0052_0113_0113.jpg 1 95 52 113 113
0783_0071_0041_0096_0096.jpg 1 71 41 96 96
0784_0027_0011_0158_0158.jpg 1 27 11 158 158
0785_0124_0049_0113_0113.jpg 1 124 49 113 113
0786_0147_0106_0087_0087.jpg 1 147 106 87 87
0787_0207_0070_0072_0072.jpg 1 207 70 72 72
0788_0056_0114_0051_0051.jpg 1 56 114 51 51
0789_0155_0061_0083_0083.jpg 1 155 61 83 83
0790_0081_0011_0136_0136.jpg 1 81 11 136 136
0791_0129_0114_0051_0051.jpg 1 129 114 51 51
0792_0209_0090_0070_0070.jpg 1 209 90 70 70
0793_0121_0062_0098_0098.jpg 1 121 62 98 98
0794_0027_0061_0106_0106.jpg 1 27 61 106 106
0795_0073_0070_0148_0148.jpg 1 73 70 148 148
0796_0112_0045_0064_0064.jpg 1 112 45 64 64
0797_0087_0066_0131_0131.jpg 1 87 66 131 131
0798_0173_0071_0037_0037.jpg 1 173 71 37 37
0799_0021_0026_0127_0127.jpg 1 21 26 127 127
0800_0141_0070_0112_0112.jpg 1 141 70 112 112
0801_0044_0083_0052_0052.jpg 1 44 83 52 52
0802_0154_0039_0083_0083.jpg 1 154 39 83 83
0803_0094_0056_0103_0103.jpg 1 94 56 103 103
0804_0101_0029_0162_0162.jpg 1 101 29 162 162
0805_0062_0040_0148_0148.jpg 1 62 40 148 148
0806_0156_0060_0097_0097.jpg 1 156 60 97 97
0807_0212_0033_0076_0076.jpg 1 212 33 76 76
0808_0100_0021_0097_0097.jpg 1 100 21 97 97
0809_0100_0018_0101_0101.jpg 1 100 18 101 101
0810_0216_0075_0069_0069.jpg 1 216 75 69 69
0811_0058_0081_0106_0106.jpg 1 58 81 106 106
0812_0054_0117_0096_0096.jpg 1 54 117 96 96
0813_0075_0114_0084_0084.jpg 1 75 114 84 84
0814_0144_0070_0026_0026.jpg 1 144 70 26 26
0815_0066_0041_0098_0098.jpg 1 66 41 98 98
0816_0158_0140_0061_0061.jpg 1 158 140 61 61
0817_0173_0047_0037_0037.jpg 1 173 47 37 37
0818_0134_0056_0158_0158.jpg 1 134 56 158 158
0819_0192_0046_0091_0091.jpg 1 192 46 91 91
0820_0109_0110_0057_0057.jpg 1 109 110 57 57
0821_0119_0130_0077_0077.jpg 1 119 130 77 77
0822_0074_0038_0114_0114.jpg 1 74 38 114 114
0823_0076_0062_0045_0045.jpg 1 76 62 45 45
0824_0172_0056_0116_0116.jpg 1 172 56 116 116
0825_0073_0056_0053_0053.jpg 1 73 56 53 53
0826_0088_0067_0161_0161.jpg 1 88 67 161 161
0827_0194_0150_0034_0034.jpg 1 194 150 34 34
0828_0133_0100_0110_0110.jpg 1 133 100 110 110
0829_0131_0045_0146_0146.jpg 1 131 45 146 146
0830_0049_0047_0130_0130.jpg 1 49 47 130 130
0831_0062_0069_0105_0105.jpg 1 62 69 105 105
0832_0107_0089_0076_0076.jpg 1 107 89 76 76
0833_0053_0048_0093_0093.jpg 1 53 48 93 93
0834_0120_0189_0028_0028.jpg 1 120 189 28 28
0835_0054_0114_0067_0067.jpg 1 54 114 67 67
0836_0056_0100_0118_0118.jpg 1 56 100 118 118
0837_0245_0148_0036_0036.jpg 1 245 148 36 36
0838_0179_0077_0103_0103.jpg 1 179 77 103 103
0839_0106_0068_0106_0106.jpg 1 106 68 106 106
0840_0097_0069_0117_0117.jpg 1 97 69 117 117
0841_0106_0033_0144_0144.jpg 1 106 33 144 144
0842_0101_0065_0145_0145.jpg 1 101 65 145 145
0843_0040_0101_0113_0113.jpg 1 40 101 113 113
0844_0116_0027_0099_0099.jpg 1 116 27 99 99
0845_0071_0052_0151_0151.jpg 1 71 52 151 151
0846_0233_0098_0052_0052.jpg 1 233 98 52 52
0847_0060_0031_0121_0121.jpg 1 60 31 121 121
0848_0098_0096_0133_0133.jpg 1 98 96 133 133
0849_0093_0085_0122_0122.jpg 1 93 85 122 122
0850_0169_0049_0119_0119.jpg 1 169 49 119 119
0851_0042_0089_0089_0089.jpg 1 42 89 89 89
0852_0203_0029_0078_0078.jpg 1 203 29 78 78
0853_0097_0055_0151_0151.jpg 1 97 55 151 151
0854_0196_0115_0032_0032.jpg 1 196 115 32 32
0855_0190_0094_0073_0073.jpg 1 190 94 73 73
0856_0033_0082_0114_0114.jpg 1 33 82 114 114
0857_0210_0077_0028_0028.jpg 1 210 77 28 28
0858_0179_0027_0057_0057.jpg 1 179 27 57 57
0859_0202_0109_0080_0080.jpg 1 202 109 80 80
0860_0179_0087_0048_0048.jpg 1 179 87 48 48
0861_0028_0030_0144_0144.jpg 1 28 30 144 144
0862_0109_0079_0040_0040.jpg 1 109 79 40 40
0863_0116_0070_0047_0047.jpg 1 116 70 47 47
0864_0172_0063_0113_0113.jpg 1 172 63 113 113
0865_0093_0021_0148_0148.jpg 1 93 21 148 148
0866_0043_0059_0111_0111.jpg 1 43 59 111 111
0867_0046_0108_0058_0058.jpg 1 46 108 58 58
0868_0109_0091_0030_0030.jpg 1 109 91 30 30
0869_0098_0056_0124_0124.jpg 1 98 56 124 124
0870_0145_0110_0063_0063.jpg 1 145 110 63 63
0871_0148_0030_0142_0142.jpg 1 148 30 142 142
0872_0235_0143_0041_0041.jpg 1 235 143 41 41
0873_0117_0069_0096_0096.jpg 1 117 69 96 96
0874_0075_0063_0123_0123.jpg 1 75 63 123 123
0875_0166_0147_0038_0038.jpg 1 166 147 38 38
0876_0074_0071_0142_0142.jpg 1 74 71 142 142
0877_0244_0105_0033_0033.jpg 1 244 105 33 33
0878_0136_0095_0069_0069.jpg 1 136 95 69 69
0879_0207_0051_0088_0088.jpg 1 207 51 88 88
0880_0092_0057_0151_0151.jpg 1 92 57 151 151
0881_0167_0066_0088_0088.jpg 1 167 66 88 88
0882_0114_0085_0092_0092.jpg 1 114 85 92 92
0883_0107_0022_0135_0135.jpg 1 107 22 135 135
0884_0066_0017_0088_0088.jpg 1 66 17 88 88
0885_0069_0181_0035_0035.jpg 1 69 181 35 35
0886_0130_0083_0128_0128.jpg 1 130 83 128 128
0887_0175_0102_0087_0087.jpg 1 175 102 87 87
0888_0032_0042_0052_0052.jpg 1 32 42 52 52
0889_0145_0010_0146_0146.jpg 1 145 10 146 146
0890_0081_0074_0030_0030.jpg 1 81 74 30 30
0891_0063_0076_0142_0142.jpg 1 63 76 142 142
0892_0043_0108_0113_0113.jpg 1 43 108 113 113
0893_0143_0045_0145_0145.jpg 1 143 45 145 145
0894_0174_0044_0027_0027.jpg 1 174 44 27 27
0895_0241_0052_0029_0029.jpg 1 241 52 29 29
0896_0123_0032_0157_0157.jpg 1 123 32 157 157
0897_0051_0012_0137_0137.jpg 1 51 12 137 137
0898_0049_0127_0060_0060.jpg 1 49 127 60 60
0899_0122_0024_0117_0117.jpg 1 122 24 117 117
0900_0139_0065_0073_0073.jpg 1 139 65 73 73
0901_0030_0035_0122_0122.jpg 1 30 35 122 122
0902_0098_0025_0152_0152.jpg 1 98 25 152 152
0903_0080_0121_0039_0039.jpg 1 80 121 39 39
0904_0242_0038_0032_0032.jpg 1 242 38 32 32
0905_0179_0173_0033_0033.jpg 1 179 173 33 33
0906_0086_0079_0125_0125.jpg 1 86 79 125 125
0907_0125_0049_0126_0126.jpg 1 125 49 126 126
0908_0147_0102_0084_0084.jpg 1 147 102 84 84
0909_0188_0073_0035_0035.jpg 1 188 73 35 35
0910_0127_0027_0048_0048.jpg 1 127 27 48 48
0911_0115_0131_0071_0071.jpg 1 115 131 71 71
0912_0038_0052_0123_0123.jpg 1 38 52 123 123
0913_0052_0110_0042_0042.jpg 1 52 110 42 42
0914_0081_0067_0095_0095.jpg 1 81 67 95 95
0915_0161_0077_0061_0061.jpg 1 161 77 61 61
0916_0147_0068_0086_0086.jpg 1 147 68 86 86
0917_0150_0100_0114_0114.jpg 1 150 100 114 114
0918_0107_0064_0047_0047.jpg 1 107 64 47 47
0919_0049_0016_0141_0141.jpg 1 49 16 141 141
0920_0064_0042_0121_0121.jpg 1 64 42 121 121
0921_0081_0099_0091_0091.jpg 1 81 99 91 91
0922_0219_0051_0060_0060.jpg 1 219 51 60 60
0923_0162_0060_0099_0099.jpg 1 162 60 99 99
0924_0034_0076_0137_0137.jpg 1 34 76 137 137
0925_0124_0117_0079_0079.jpg 1 124 117 79 79
0926_0162_0043_0074_0074.jpg 1 162 43 74 74
0927_0197_0050_0095_0095.jpg 1 197 50 95 95
0928_0020_0031_0166_0166.jpg 1 20 31 166 166
0929_0042_0051_0156_0156.jpg 1 42 51 156 156
0930_0066_0011_0167_0167.jpg 1 66 11 167 167
0931_0121_0010_0160_0160.jpg 1 121 10 160 160
0932_0106_0117_0069_0069.jpg 1 106 117 69 69
0933_0118_0096_0107_0107.jpg 1 118 96 107 107
0934_0209_0027_0052_0052.jpg 1 209 27 52 52
0935_0176_0017_0079_0079.jpg 1 176 17 79 79
0936_0062_0077_0125_0125.jpg 1 62 77 125 125
0937_0072_0050_0135_0135.jpg 1 72 50 135 135
0938_0190_0063_0086_0086.jpg 1 190 63 86 86
0939_0156_0064_0108_0108.jpg 1 156 64 108 108
0940_0021_0015_0154_0154.jpg 1 21 15 154 154
0941_0227_0152_0055_0055.jpg 1 227 152 55 55
0942_0128_0093_0132_0132.jpg 1 128 93 132 132
0943_0055_0029_0043_0043.jpg 1 55 29 43 43
0944_0183_0145_0065_0065.jpg 1 183 145 65 65
0945_0087_0101_0114_0114.jpg 1 87 101 114 114
0946_0097_0054_0059_0059.jpg 1 97 54 59 59
0947_0069_0140_0049_0049.jpg 1 69 140 49 49
0948_0058_0053_0162_0162.jpg 1 58 53 162 162
0949_0177_0121_0084_0084.jpg 1 177 121 84 84
0950_0027_0053_0106_0106.jpg 1 27 53 106 106
0951_0186_0050_0089_0089.jpg 1 186 50 89 89
0952_0102_0048_0113_0113.jpg 1 102 48 113 113
0953_0131_0018_0158_0158.jpg 1 131 18 158 158
0954_0091_0047_0141_0141.jpg 1 91 47 141 141
0955_0147_0041_0080_0080.jpg 1 147 41 80 80
0956_0194_0121_0103_0103.jpg 1 194 121 103 103
0957_0167_0042_0109_0109.jpg 1 167 42 109 109
0958_0079_0106_0062_0062.jpg 1 79 106 62 62
0959_0144_0052_0046_0046.jpg 1 144 52 46 46
0960_0027_0042_0136_0136.jpg 1 27 42 136 136
0961_0063_0042_0156_0156.jpg 1 63 42 156 156
0962_0147_0071_0154_0154.jpg 1 147 71 154 154
0963_0203_0030_0061_0061.jpg 1 203 30 61 61
0964_0212_0057_0043_0043.jpg 1 212 57 43 43
0965_0206_0044_0052_0052.jpg 1 206 44 52 52
0966_0070_0112_0056_0056.jpg 1 70 112 56 56
0967_0158_0083_0082_0082.jpg 1 158 83 82 82
0968_0115_0039_0134_0134.jpg 1 115 39 134 134
0969_0094_0130_0026_0026.jpg 1 94 130 26 26
0970_0135_0010_0159_0159.jpg 1 135 10 159 159
0971_0053_0040_0129_0129.jpg 1 53 40 129 129
0972_0161_0171_0031_0031.jpg 1 161 171 31 31
0973_0087_0031_0115_0115.jpg 1 87 31 115 115
0974_0127_0104_0042_0042.jpg 1 127 104 42 42
0975_0141_0065_0041_0041.jpg 1 141 65 41 41
0976_0142_0053_0133_0133.jpg 1 142 53 133 133
0977_0058_0021_0164_0164.jpg 1 58 21 164 164
0978_0152_0024_0139_0139.jpg 1 152 24 139 139
0979_0066_0024_0082_0082.jpg 1 66 24 82 82
0980_0160_0040_0083_0083.jpg 1 160 40 83 83
0981_0040_0043_0123_0123.jpg 1 40 43 123 123
0982_0103_0025_0084_0084.jpg 1 103 25 84 84
0983_0106_0059_0075_0075.jpg 1 106 59 75 75
0984_0045_0119_0084_0084.jpg 1 45 119 84 84
0985_0021_0011_0148_0148.jpg 1 21 11 148 148
0986_0100_0024_0037_0037.jpg 1 100 24 37 37
0987_0138_0082_0131_0131.jpg 1 138 82 131 131
0988_0025_0017_0074_0074.jpg 1 25 17 74 74
0989_0118_0064_0141_0141.jpg 1 118 64 141 141
0990_0136_0161_0034_0034.jpg 1 136 161 34 34
0991_0073_0053_0136_0136.jpg 1 73 53 136 136
0992_0126_0016_0115_0115.jpg 1 126 16 115 115
0993_0102_0042_0150_0150.jpg 1 102 42 150 150
0994_0159_0047_0090_0090.jpg 1 159 47 90 90
0995_0078_0023_0167_0167.jpg 1 78 23 167 167
0996_0065_0066_0056_0056.jpg 1 65 66 56 56
0997_0217_0145_0036_0036.jpg 1 217 145 36 36
0998_0147_0079_0082_0082.jpg 1 147 79 82 82
0999_0088_0122_0068_0068.jpg 1 88 122 68 68
1000_0041_0058_0153_0153.jpg 1 41 58 153 153
1001_0066_0058_0163_0163.jpg 1 66 58 163 163
1002_0027_0067_0052_0052.jpg 1 27 67 52 52
1003_0033_0021_0037_0037.jpg 1 33 21 37 37
1004_0134_0160_0054_0054.jpg 1 134 160 54 54
1005_0053_0027_0162_0162.jpg 1 53 27 162 162
1006_0027_0021_0156_0156.jpg 1 27 21 156 156
1007_0033_0032_0153_0153.jpg 1 33 32 153 153
1008_0030_0061_0100_0100.jpg 1 30 61 100 100
1009_0044_0071_0096_0096.jpg 1 44 71 96 96
1010_0119_0103_0081_0081.jpg 1 119 103 81 81
1011_0031_0048_0165_0165.jpg 1 31 48 165 165
1012_0223_0149_0058_0058.jpg 1 223 149 58 58
1013_0075_0085_0118_0118.jpg 1 75 85 118 118
1014_0088_0016_0167_0167.jpg 1 88 16 167 167
1015_0107_0088_0117_0117.jpg 1 107 88 117 117
1016_0233_0146_0059_0059.jpg 1 233 146 59 59
1017_0059_0143_0028_0028.jpg 1 59 143 28 28
1018_0056_0122_0103_0103.jpg 1 56 122 103 103
1019_0142_0102_0093_0093.jpg 1 142 102 93 93
1020_0073_0107_0082_0082.jpg 1 73 107 82 82
1021_0113_0098_0119_0119.jpg 1 113 98 119 119
1022_0049_0067_0090_0090.jpg 1 49 67 90 90
1023_0024_0030_0099_0099.jpg 1 24 30 99 99
1024_0121_0011_0162_0162.jpg 1 121 11 162 162
1025_0206_0019_0049_0049.jpg 1 206 19 49 49
1026_0186_0149_0039_0039.jpg 1 186 149 39 39
1027_0164_0109_0112_0112.jpg 1 164 109 112 112
1028_0055_0092_0103_0103.jpg 1 55 92 103 103
1029_0253_0086_0032_0032.jpg 1 253 86 32 32
1030_0093_0038_0163_0163.jpg 1 93 38 163 163
1031_0180_0052_0064_0064.jpg 1 180 52 64 64
1032_0144_0143_0035_0035.jpg 1 144 143 35 35
1033_0098_0056_0117_0117.jpg 1 98 56 117 117
1034_0026_0057_0142_0142.jpg 1 26 57 142 142
1035_0041_0027_0145_0145.jpg 1 41 27 145 145
1036_0082_0015_0163_0163.jpg 1 82 15 163 163
1037_0060_0024_0163_0163.jpg 1 60 24 163 163
1038_0070_0070_0118_0118.jpg 1 70 70 118 118
1039_0217_0052_0067_0067.jpg 1 217 52 67 67
1040_0057_0035_0156_0156.jpg 1 57 35 156 156
1041_0182_0060_0067_0067.jpg 1 182 60 67 67
1042_0176_0039_0118_0118.jpg 1 176 39 118 118
1043_0132_0072_0115_0115.jpg 1 132 72 115 115
1044_0083_0059_0062_0062.jpg 1 83 59 62 62
1045_0222_0142_0055_0055.jpg 1 222 142 55 55
1046_0156_0102_0110_0110.jpg 1 156 102 110 110
1047_0214_0069_0045_0045.jpg 1 214 69 45 45
1048_0120_0137_0050_0050.jpg 1 120 137 50 50
1049_0126_0046_0154_0154.jpg 1 126 46 154 154
1050_0192_0019_0074_0074.jpg 1 192 19 74 74
1051_0056_0040_0082_0082.jpg 1 56 40 82 82
1052_0081_0026_0069_0069.jpg 1 81 26 69 69
1053_0191_0121_0099_0099.jpg 1 191 121 99 99
1054_0168_0074_0042_0042.jpg 1 168 74 42 42
1055_0040_0076_0098_0098.jpg 1 40 76 98 98
1056_0212_0025_0042_0042.jpg 1 212 25 42 42
1057_0055_0086_0099_0099.jpg 1 55 86 99 99
1058_0189_0063_0048_0048.jpg 1 189 63 48 48
1059_0235_0147_0051_0051.jpg 1 235 147 51 51
1060_0174_0089_0032_0032.jpg 1 174 89 32 32
1061_0047_0049_0152_0152.jpg 1 47 49 152 152
1062_0126_0035_0143_0143.jpg 1 126 35 143 143
1063_0053_0080_0145_0145.jpg 1 53 80 145 145
1064_0156_0036_0118_0118.jpg 1 156 36 118 118
1065_0153_0089_0140_0140.jpg 1 153 89 140 140
1066_0109_0113_0069_0069.jpg 1 109 113 69 69
1067_0183_0125_0047_0047.jpg 1 183 125 47 47
1068_0035_0051_0141_0141.jpg 1 35 51 141 141
1069_0130_0045_0073_0073.jpg 1 130 45 73 73
1070_0114_0100_0114_0114.jpg 1 114 100 114 114
1071_0073_0064_0161_0161.jpg 1 73 64 161 161
1072_0039_0149_0062_0062.jpg 1 39 149 62 62
1073_0107_0078_0133_0133.jpg 1 107 78 133 133
1074_0069_0055_0137_0137.jpg 1 69 55 137 137
1075_0029_0047_0153_0153.jpg 1 29 47 153 153
1076_0052_0072_0119_0119.jpg 1 52 72 119 119
1077_0087_0035_0095_0095.jpg 1 87 35 95 95
1078_0074_0031_0153_0153.jpg 1 74 31 153 153
1079_0139_0034_0156_0156.jpg 1 139 34 156 156
1080_0069_0070_0150_0150.jpg 1 69 70 150 150
1081_0105_0085_0097_0097.jpg 1 105 85 97 97
1082_0078_0025_0057_0057.jpg 1 78 25 57 57
1083_0069_0047_0142_0142.jpg 1 69 47 142 142
1084_0082_0035_0140_0140.jpg 1 82 35 140 140
1085_0151_0024_0148_0148.jpg 1 151 24 148 148
1086_0146_0045_0051_0051.jpg 1 146 45 51 51
1087_0056_0049_0102_0102.jpg 1 56 49 102 102
1088_0167_0051_0072_0072.jpg 1 167 51 72 72
1089_0026_0022_0160_0160.jpg 1 26 22 160 160
1090_0155_0033_0129_0129.jpg 1 155 33 129 129
1091_0204_0161_0030_0030.jpg 1 204 161 30 30
1092_0120_0075_0120_0120.jpg 1 120 75 120 120
1093_0098_0112_0105_0105.jpg 1 98 112 105 105
1094_0130_0147_0028_0028.jpg 1 130 147 28 28
1095_0128_0044_0081_0081.jpg 1 128 44 81 81
1096_0119_0038_0104_0104.jpg 1 119 38 104 104
1097_0188_0062_0080_0080.jpg 1 188 62 80 80
1098_0127_0109_0025_0025.jpg 1 127 109 25 25
1099_0109_0014_0153_0153.jpg 1 109 14 153 153
1100_0056_0038_0142_0142.jpg 1 56 38 142 142
1101_0031_0101_0113_0113.jpg 1 31 101 113 113
1102_0127_0051_0116_0116.jpg 1 127 51 116 116
1103_0081_0111_0074_0074.jpg 1 81 111 74 74
1104_0119_0114_0051_0051.jpg 1 119 114 51 51
1105_0172_0039_0108_0108.jpg 1 172 39 108 108
1106_0207_0102_0078_0078.jpg 1 207 102 78 78
1107_0116_0120_0097_0097.jpg 1 116 120 97 97
1108_0194_0057_0041_0041.jpg 1 194 57 41 41
1109_0263_0121_0024_0024.jpg 1 263 121 24 24
1110_0032_0031_0157_0157.jpg 1 32 31 157 157
1111_0128_0039_0133_0133.jpg 1 128 39 133 133
1112_0025_0023_0114_0114.jpg 1 25 23 114 114
1113_0115_0027_0132_0132.jpg 1 115 27 132 132
1114_0050_0074_0074_0074.jpg 1 50 74 74 74
1115_0018_0019_0160_0160.jpg 1 18 19 160 160
1116_0182_0149_0063_0063.jpg 1 182 149 63 63
1117_0108_0098_0037_0037.jpg 1 108 98 37 37
1118_0113_0093_0059_0059.jpg 1 113 93 59 59
1119_0021_0033_0147_0147.jpg 1 21 33 147 147
1120_0135_0089_0050_0050.jpg 1 135 89 50 50
1121_0028_0155_0051_0051.jpg 1 28 155 51 51
1122_0115_0024_0040_0040.jpg 1 115 24 40 40
1123_0039_0125_0074_0074.jpg 1 39 125 74 74
1124_0040_0116_0060_0060.jpg 1 40 116 60 60
1125_0123_0012_0164_0164.jpg 1 123 12 164 164
1126_0213_0141_0034_0034.jpg 1 213 141 34 34
1127_0051_0057_0111_0111.jpg 1 51 57 111 111
1128_0041_0030_0144_0144.jpg 1 41 30 144 144
1129_0172_0015_0117_0117.jpg 1 172 15 117 117
1130_0151_0043_0132_0132.jpg 1 151 43 132 132
1131_0078_0070_0047_0047.jpg 1 78 70 47 47
1132_0071_0054_0143_0143.jpg 1 71 54 143 143
1133_0155_0097_0111_0111.jpg 1 155 97 111 111
1134_0070_0087_0099_0099.jpg 1 70 87 99 99
1135_0065_0139_0070_0070.jpg 1 65 139 70 70
1136_0153_0032_0074_0074.jpg 1 153 32 74 74
1137_0046_0037_0121_0121.jpg 1 46 37 121 121
1138_0069_0096_0090_0090.jpg 1 69 96 90 90
1139_0132_0111_0110_0110.jpg 1 132 111 110 110
1140_0059_0024_0103_0103.jpg 1 59 24 103 103
1141_0117_0038_0134_0134.jpg 1 117 38 134 134
1142_0184_0028_0071_0071.jpg 1 184 28 71 71
1143_0144_0040_0141_0141.jpg 1 144 40 141 141
1144_0058_0044_0029_0029.jpg 1 58 44 29 29
1145_0151_0054_0133_0133.jpg 1 151 54 133 133
1146_0071_0033_0160_0160.jpg 1 71 33 160 160
1147_0113_0036_0155_0155.jpg 1 113 36 155 155
1148_0029_0115_0036_0036.jpg 1 29 115 36 36
1149_0087_0095_0118_0118.jpg 1 87 95 118 118
1150_0065_0027_0149_0149.jpg 1 65 27 149 149
1151_0121_0114_0077_0077.jpg 1 121 114 77 77
1152_0113_0102_0036_0036.jpg 1 113 102 36 36
1153_0092_0048_0132_0132.jpg 1 92 48 132 132
1154_0045_0070_0153_0153.jpg 1 45 70 153 153
1155_0056_0095_0118_0118.jpg 1 56 95 118 118
1156_0065_0075_0155_0155.jpg 1 65 75 155 155
1157_0070_0157_0030_0030.jpg 1 70 157 30 30
1158_0025_0073_0157_0157.jpg 1 25 73 157 157
1159_0256_0146_0033_0033.jpg 1 256 146 33 33
1160_0162_0099_0111_0111.jpg 1 162 99 111 111
1161_0073_0096_0029_0029.jpg 1 73 96 29 29
1162_0076_0093_0128_0128.jpg 1 76 93 128 128
1163_0030_0062_0044_0044.jpg 1 30 62 44 44
1164_0073_0036_0061_0061.jpg 1 73 36 61 61
1165_0102_0070_0123_0123.jpg 1 102 70 123 123
1166_0024_0025_0160_0160.jpg 1 24 25 160 160
1167_0065_0042_0054_0054.jpg 1 65 42 54 54
1168_0118_0025_0032_0032.jpg 1 118 25 32 32
1169_0126_0049_0141_0141.jpg 1 126 49 141 141
1170_0051_0027_0090_0090.jpg 1 51 27 90 90
1171_0045_0071_0078_0078.jpg 1 45 71 78 78
1172_0109_0070_0027_0027.jpg 1 109 70 27 27
1173_0094_0057_0144_0144.jpg 1 94 57 144 144
1174_0219_0044_0058_0058.jpg 1 219 44 58 58
1175_0192_0170_0029_0029.jpg 1 192 170 29 29
1176_0143_0134_0057_0057.jpg 1 143 134 57 57
1177_0136_0079_0119_0119.jpg 1 136 79 119 119
1178_0150_0026_0073_0073.jpg 1 150 26 73 73
1179_0143_0034_0153_0153.jpg 1 143 34 153 153
1180_0176_0119_0026_0026.jpg 1 176 119 26 26
1181_0187_0051_0058_0058.jpg 1 187 51 58 58
1182_0181_0087_0085_0085.jpg 1 181 87 85 85
1183_0037_0074_0101_0101.jpg 1 37 74 101 101
1184_0020_0070_0130_0130.jpg 1 20 70 130 130
1185_0125_0165_0035_0035.jpg 1 125 165 35 35
1186_0137_0036_0055_0055.jpg 1 137 36 55 55
1187_0097_0174_0042_0042.jpg 1 97 174 42 42
1188_0046_0125_0064_0064.jpg 1 46 125 64 64
1189_0167_0098_0120_0120.jpg 1 167 98 120 120
1190_0031_0015_0120_0120.jpg 1 31 15 120 120
1191_0042_0124_0043_0043.jpg 1 42 124 43 43
1192_0195_0050_0047_0047.jpg 1 195 50 47 47
1193_0036_0052_0131_0131.jpg 1 36 52 131 131
1194_0123_0070_0136_0136.jpg 1 123 70 136 136
1195_0026_0025_0100_0100.jpg 1 26 25 100 100
1196_0087_0043_0054_0054.jpg 1 87 43 54 54
1197_0152_0129_0036_0036.jpg 1 152 129 36 36
1198_0137_0035_0032_0032.jpg 1 137 35 32 32
1199_0196_0065_0036_0036.jpg 1 196 65 36 36
1200_0123_0081_0036_0036.jpg 1 123 81 36 36
1201_0089_0081_0113_0113.jpg 1 89 81 113 113
1202_0168_0138_0036_0036.jpg 1 168 138 36 36
1203_0195_0049_0102_0102.jpg 1 195 49 102 102
1204_0048_0030_0081_0081.jpg 1 48 30 81 81
1205_0090_0029_0140_0140.jpg 1 90 29 140 140
1206_0134_0038_0045_0045.jpg 1 134 38 45 45
1207_0018_0023_0162_0162.jpg 1 18 23 162 162
1208_0174_0043_0040_0040.jpg 1 174 43 40 40
1209_0122_0049_0165_0165.jpg 1 122 49 165 165
1210_0037_0078_0111_0111.jpg 1 37 78 111 111
1211_0027_0127_0073_0073.jpg 1 27 127 73 73
1212_0064_0089_0124_0124.jpg 1 64 89 124 124
1213_0033_0081_0087_0087.jpg 1 33 81 87 87
1214_0089_0052_0120_0120.jpg 1 89 52 120 120
1215_0179_0115_0092_0092.jpg 1 179 115 92 92
1216_0074_0026_0119_0119.jpg 1 74 26 119 119
1217_0154_0138_0067_0067.jpg 1 154 138 67 67
1218_0055_0029_0161_0161.jpg 1 55 29 161 161
1219_0142_0070_0099_0099.jpg 1 142 70 99 99
1220_0137_0118_0043_0043.jpg 1 137 118 43 43
1221_0041_0151_0026_0026.jpg 1 41 151 26 26
1222_0134_0072_0157_0157.jpg 1 134 72 157 157
1223_0103_0022_0159_0159.jpg 1 103 22 159 159
1224_0113_0064_0162_0162.jpg 1 113 64 162 162
1225_0129_0036_0128_0128.jpg 1 129 36 128 128
1226_0233_0047_0054_0054.jpg 1 233 47 54 54
1227_0115_0141_0069_0069.jpg 1 115 141 69 69
1228_0114_0077_0087_0087.jpg 1 114 77 87 87
1229_0114_0102_0125_0125.jpg 1 114 102 125 125
1230_0042_0044_0131_0131.jpg 1 42 44 131 131
1231_0117_0077_0040_0040.jpg 1 117 77 40 40
1232_0030_0079_0042_0042.jpg 1 30 79 42 42
1233_0070_0112_0069_0069.jpg 1 70 112 69 69
1234_0055_0104_0067_0067.jpg 1 55 104 67 67
1235_0075_0094_0135_0135.jpg 1 75 94 135 135
1236_0065_0050_0086_0086.jpg 1 65 50 86 86
1237_0083_0100_0069_0069.jpg 1 83 100 69 69
1238_0113_0062_0138_0138.jpg 1 113 62 138 138
1239_0054_0151_0065_0065.jpg 1 54 151 65 65
1240_0226_0051_0049_0049.jpg 1 226 51 49 49
1241_0157_0085_0083_0083.jpg 1 157 85 83 83
1242_0156_0075_0084_0084.jpg 1 156 75 84 84
1243_0151_0071_0139_0139.jpg 1 151 71 139 139
1244_0039_0062_0137_0137.jpg 1 39 62 137 137
1245_0078_0108_0099_0099.jpg 1 78 108 99 99
1246_0166_0089_0068_0068.jpg 1 166 89 68 68
1247_0144_0041_0092_0092.jpg 1 144 41 92 92
1248_0117_0071_0052_0052.jpg 1 117 71 52 52
1249_0139_0069_0061_0061.jpg 1 139 69 61 61
1250_0131_0141_0081_0081.jpg 1 131 141 81 81
1251_0228_0144_0042_0042.jpg 1 228 144 42 42
1252_0034_0038_0095_0095.jpg 1 34 38 95 95
1253_0115_0031_0127_0127.jpg 1 115 31 127 127
1254_0052_0068_0163_0163.jpg 1 52 68 163 163
1255_0028_0054_0097_0097.jpg 1 28 54 97 97
1256_0225_0123_0054_0054.jpg 1 225 123 54 54
1257_0149_0074_0122_0122.jpg 1 149 74 122 122
1258_0152_0026_0061_0061.jpg 1 152 26 61 61
1259_0026_0091_0095_0095.jpg 1 26 91 95 95
1260_0032_0028_0156_0156.jpg 1 32 28 156 156
1261_0179_0025_0101_0101.jpg 1 179 25 101 101
1262_0171_0098_0096_0096.jpg 1 171 98 96 96
1263_0117_0042_0058_0058.jpg 1 117 42 58 58
1264_0132_0014_0139_0139.jpg 1 132 14 139 139
1265_0134_0068_0144_0144.jpg 1 134 68 144 144
1266_0162_0173_0044_0044.jpg 1 162 173 44 44
1267_0090_0141_0041_0041.jpg 1 90 141 41 41
1268_0069_0123_0034_0034.jpg 1 69 123 34 34
1269_0117_0039_0165_0165.jpg 1 117 39 165 165
1270_0202_0040_0082_0082.jpg 1 202 40 82 82
1271_0170_0128_0036_0036.jpg 1 170 128 36 36
1272_0053_0099_0048_0048.jpg 1 53 99 48 48
1273_0181_0113_0087_0087.jpg 1 181 113 87 87
1274_0167_0048_0090_0090.jpg 1 167 48 90 90
1275_0130_0052_0126_0126.jpg 1 130 52 126 126
1276_0176_0113_0096_0096.jpg 1 176 113 96 96
1277_0184_0066_0040_0040.jpg 1 184 66 40 40
1278_0042_0033_0076_0076.jpg 1 42 33 76 76
1279_0071_0075_0155_0155.jpg 1 71 75 155 155
1280_0061_0045_0052_0052.jpg 1 61 45 52 52
1281_0092_0076_0152_0152.jpg 1 92 76 152 152
1282_0045_0072_0094_0094.jpg 1 45 72 94 94
1283_0119_0050_0164_0164.jpg 1 119 50 164 164
1284_0178_0023_0087_0087.jpg 1 178 23 87 87
1285_0180_0062_0085_0085.jpg 1 180 62 85 85
1286_0033_0025_0156_0156.jpg 1 33 25 156 156
1287_0079_0051_0137_0137.jpg 1 79 51 137 137
1288_0048_0008_0165_0165.jpg 1 48 8 165 165
1289_0052_0034_0097_0097.jpg 1 52 34 97 97
1290_0090_0087_0126_0126.jpg 1 90 87 126 126
1291_0218_0118_0046_0046.jpg 1 218 118 46 46
1292_0160_0081_0131_0131.jpg 1 160 81 131 131
1293_0046_0029_0120_0120.jpg 1 46 29 120 120
1294_0055_0034_0147_0147.jpg 1 55 34 147 147
1295_0027_0050_0136_0136.jpg 1 27 50 136 136
1296_0059_0050_0152_0152.jpg 1 59 50 152 152
1297_0150_0071_0045_0045.jpg 1 150 71 45 45
1298_0164_0029_0048_0048.jpg 1 164 29 48 48
1299_0087_0055_0121_0121.jpg 1 87 55 121 121
1300_0039_0082_0097_0097.jpg 1 39 82 97 97
1301_0099_0074_0122_0122.jpg 1 99 74 122 122
1302_0193_0092_0032_0032.jpg 1 193 92 32 32
1303_0104_0037_0116_0116.jpg 1 104 37 116 116
1304_0204_0126_0082_0082.jpg 1 204 126 82 82
1305_0149_0096_0112_0112.jpg 1 149 96 112 112
1306_0066_0126_0086_0086.jpg 1 66 126 86 86
1307_0129_0061_0151_0151.jpg 1 129 61 151 151
1308_0178_0094_0108_0108.jpg 1 178 94 108 108
1309_0039_0062_0071_0071.jpg 1 39 62 71 71
1310_0037_0026_0085_0085.jpg 1 37 26 85 85
1311_0028_0157_0046_0046.jpg 1 28 157 46 46
1312_0073_0040_0048_0048.jpg 1 73 40 48 48
1313_0126_0052_0086_0086.jpg 1 126 52 86 86
1314_0136_0018_0146_0146.jpg 1 136 18 146 146
1315_0171_0038_0059_0059.jpg 1 171 38 59 59
1316_0089_0077_0030_0030.jpg 1 89 77 30 30
1317_0121_0057_0039_0039.jpg 1 121 57 39 39
1318_0081_0029_0087_0087.jpg 1 81 29 87 87
1319_0065_0017_0153_0153.jpg 1 65 17 153 153
1320_0188_0139_0061_0061.jpg 1 188 139 61 61
1321_0098_0060_0161_0161.jpg 1 98 60 161 161
1322_0196_0099_0053_0053.jpg 1 196 99 53 53
1323_0045_0070_0035_0035.jpg 1 45 70 35 35
1324_0062_0055_0119_0119.jpg 1 62 55 119 119
1325_0116_0145_0068_0068.jpg 1 116 145 68 68
1326_0096_0026_0145_0145.jpg 1 96 26 145 145
1327_0080_0141_0046_0046.jpg 1 80 141 46 46
1328_0093_0053_0139_0139.jpg 1 93 53 139 139
1329_0207_0134_0025_0025.jpg 1 207 134 25 25
1330_0125_0043_0125_0125.jpg 1 125 43 125 125
1331_0128_0078_0069_0069.jpg 1 128 78 69 69
1332_0121_0064_0124_0124.jpg 1 121 64 124 124
1333_0130_0120_0035_0035.jpg 1 130 120 35 35
1334_0084_0055_0126_0126.jpg 1 84 55 126 126
1335_0038_0021_0156_0156.jpg 1 38 21 156 156
1336_0038_0118_0038_0038.jpg 1 38 118 38 38
1337_0144_0097_0103_0103.jpg 1 144 97 103 103
1338_0195_0104_0071_0071.jpg 1 195 104 71 71
1339_0106_0084_0086_0086.jpg 1 106 84 86 86
1340_0125_0049_0054_0054.jpg 1 125 49 54 54
1341_0047_0069_0130_0130.jpg 1 47 69 130 130
1342_0157_0085_0117_0117.jpg 1 157 85 117 117
1343_0048_0016_0118_0118.jpg 1 48 16 118 118
1344_0033_0120_0060_0060.jpg 1 33 120 60 60
1345_0139_0078_0132_0132.jpg 1 139 78 132 132
1346_0230_0026_0031_0031.jpg 1 230 26 31 31
1347_0110_0058_0131_0131.jpg 1 110 58 131 131
1348_0093_0123_0091_0091.jpg 1 93 123 91 91
1349_0043_0041_0100_0100.jpg 1 43 41 100 100
1350_0100_0062_0100_0100.jpg 1 100 62 100 100
1351_0036_0045_0049_0049.jpg 1 36 45 49 49
1352_0104_0045_0078_0078.jpg 1 104 45 78 78
1353_0130_0054_0072_0072.jpg 1 130 54 72 72
1354_0183_0029_0055_0055.jpg 1 183 29 55 55
1355_0161_0034_0043_0043.jpg 1 161 34 43 43
1356_0035_0072_0157_0157.jpg 1 35 72 157 157
1357_0092_0081_0099_0099.jpg 1 92 81 99 99
1358_0126_0052_0102_0102.jpg 1 126 52 102 102
1359_0045_0092_0090_0090.jpg 1 45 92 90 90
1360_0166_0066_0053_0053.jpg 1 166 66 53 53
1361_0102_0085_0084_0084.jpg 1 102 85 84 84
1362_0045_0086_0038_0038.jpg 1 45 86 38 38
1363_0034_0076_0028_0028.jpg 1 34 76 28 28
1364_0099_0171_0044_0044.jpg 1 99 171 44 44
1365_0062_0052_0047_0047.jpg 1 62 52 47 47
1366_0121_0038_0066_0066.jpg 1 121 38 66 66
1367_0051_0062_0150_0150.jpg 1 51 62 150 150
1368_0041_0018_0166_0166.jpg 1 41 18 166 166
1369_0139_0074_0154_0154.jpg 1 139 74 154 154
1370_0230_0050_0041_0041.jpg 1 230 50 41 41
1371_0025_0072_0143_0143.jpg 1 25 72 143 143
1372_0155_0100_0092_0092.jpg 1 155 100 92 92
1373_0159_0016_0113_0113.jpg 1 159 16 113 113
1374_0071_0069_0127_0127.jpg 1 71 69 127 127
1375_0163_0091_0111_0111.jpg 1 163 91 111 111
1376_0111_0118_0098_0098.jpg 1 111 118 98 98
1377_0043_0043_0061_0061.jpg 1 43 43 61 61
1378_0110_0091_0034_0034.jpg 1 110 91 34 34
1379_0222_0082_0029_0029.jpg 1 222 82 29 29
1380_0149_0053_0074_0074.jpg 1 149 53 74 74
1381_0050_0156_0039_0039.jpg 1 50 156 39 39
1382_0150_0121_0027_0027.jpg 1 150 121 27 27
1383_0126_0013_0135_0135.jpg 1 126 13 135 135
1384_0081_0117_0062_0062.jpg 1 81 117 62 62
1385_0184_0074_0081_0081.jpg 1 184 74 81 81
1386_0060_0135_0024_0024.jpg 1 60 135 24 24
1387_0182_0058_0027_0027.jpg 1 182 58 27 27
1388_0147_0046_0103_0103.jpg 1 147 46 103 103
1389_0233_0082_0039_0039.jpg 1 233 82 39 39
1390_0173_0083_0064_0064.jpg 1 173 83 64 64
1391_0062_0054_0153_0153.jpg 1 62 54 153 153
1392_0061_0062_0157_0157.jpg 1 61 62 157 157
1393_0211_0084_0039_0039.jpg 1 211 84 39 39
1394_0026_0058_0110_0110.jpg 1 26 58 110 110
1395_0056_0157_0056_0056.jpg 1 56 157 56 56
1396_0125_0062_0115_0115.jpg 1 125 62 115 115
1397_0110_0110_0076_0076.jpg 1 110 110 76 76
1398_0109_0106_0121_0121.jpg 1 109 106 121 121
1399_0072_0085_0139_0139.jpg 1 72 85 139 139
1400_0095_0055_0150_0150.jpg 1 95 55 150 150
1401_0086_0010_0166_0166.jpg 1 86 10 166 166
1402_0186_0051_0111_0111.jpg 1 186 51 111 111
1403_0124_0121_0103_0103.jpg 1 124 121 103 103
1404_0147_0055_0059_0059.jpg 1 147 55 59 59
1405_0062_0063_0118_0118.jpg 1 62 63 118 118
1406_0131_0061_0147_0147.jpg 1 131 61 147 147
1407_0025_0106_0109_0109.jpg 1 25 106 109 109
1408_0028_0033_0116_0116.jpg 1 28 33 116 116
1409_0068_0038_0087_0087.jpg 1 68 38 87 87
1410_0124_0058_0160_0160.jpg 1 124 58 160 160
1411_0069_0059_0052_0052.jpg 1 69 59 52 52
1412_0080_0045_0133_0133.jpg 1 80 45 133 133
1413_0148_0040_0122_0122.jpg 1 148 40 122 122
1414_0123_0079_0131_0131.jpg 1 123 79 131 131
1415_0115_0066_0105_0105.jpg 1 115 66 105 105
1416_0159_0109_0066_0066.jpg 1 159 109 66 66
1417_0186_0016_0088_0088.jpg 1 186 16 88 88
1418_0188_0171_0048_0048.jpg 1 188 171 48 48
1419_0116_0098_0124_0124.jpg 1 116 98 124 124
1420_0033_0103_0056_0056.jpg 1 33 103 56 56
1421_0085_0066_0147_0147.jpg 1 85 66 147 147
1422_0112_0019_0085_0085.jpg 1 112 19 85 85
1423_0129_0065_0165_0165.jpg 1 129 65 165 165
1424_0146_0033_0052_0052.jpg 1 146 33 52 52
1425_0049_0082_0058_0058.jpg 1 49 82 58 58
1426_0129_0032_0106_0106.jpg 1 129 32 106 106
1427_0099_0014_0161_0161.jpg 1 99 14 161 161
1428_0107_0014_0155_0155.jpg 1 107 14 155 155
1429_0083_0030_0119_0119.jpg 1 83 30 119 119
1430_0036_0144_0064_0064.jpg 1 36 144 64 64
1431_0211_0089_0054_0054.jpg 1 211 89 54 54
1432_0134_0073_0125_0125.jpg 1 134 73 125 125
1433_0156_0011_0136_0136.jpg 1 156 11 136 136
1434_0137_0082_0108_0108.jpg 1 137 82 108 108
1435_0032_0087_0047_0047.jpg 1 32 87 47 47
1436_0153_0095_0113_0113.jpg 1 153 95 113 113
1437_0027_0021_0128_0128.jpg 1 27 21 128 128
1438_0140_0083_0034_0034.jpg 1 140 83 34 34
1439_0072_0132_0069_0069.jpg 1 72 132 69 69
1440_0116_0066_0134_0134.jpg 1 116 66 134 134
1441_0082_0038_0065_0065.jpg 1 82 38 65 65
1442_0207_0033_0087_0087.jpg 1 207 33 87 87
1443_0119_0026_0151_0151.jpg 1 119 26 151 151
1444_0070_0124_0067_0067.jpg 1 70 124 67 67
1445_0092_0067_0151_0151.jpg 1 92 67 151 151
1446_0093_0043_0127_0127.jpg 1 93 43 127 127
1447_0036_0039_0083_0083.jpg 1 36 39 83 83
1448_0122_0051_0152_0152.jpg 1 122 51 152 152
1449_0055_0130_0080_0080.jpg 1 55 130 80 80
1450_0097_0130_0059_0059.jpg 1 97 130 59 59
1451_0036_0111_0031_0031.jpg 1 36 111 31 31
1452_0152_0030_0089_0089.jpg 1 152 30 89 89
1453_0057_0160_0055_0055.jpg 1 57 160 55 55
1454_0134_0045_0143_0143.jpg 1 134 45 143 143
1455_0142_0042_0054_0054.jpg 1 142 42 54 54
1456_0100_0024_0129_0129.jpg 1 100 24 129 129
1457_0181_0119_0063_0063.jpg 1 181 119 63 63
1458_0111_0067_0162_0162.jpg 1 111 67 162 162
1459_0179_0071_0104_0104.jpg 1 179 71 104 104
1460_0035_0080_0098_0098.jpg 1 35 80 98 98
1461_0165_0072_0029_0029.jpg 1 165 72 29 29
1462_0143_0014_0147_0147.jpg 1 143 14 147 147
1463_0061_0064_0046_0046.jpg 1 61 64 46 46
1464_0087_0108_0115_0115.jpg 1 87 108 115 115
1465_0144_0033_0158_0158.jpg 1 144 33 158 158
1466_0059_0021_0121_0121.jpg 1 59 21 121 121
1467_0072_0027_0147_0147.jpg 1 72 27 147 147
1468_0092_0157_0028_0028.jpg 1 92 157 28 28
1469_0160_0024_0082_0082.jpg 1 160 24 82 82
1470_0081_0016_0140_0140.jpg 1 81 16 140 140
1471_0035_0066_0084_0084.jpg 1 35 66 84 84
1472_0061_0093_0127_0127.jpg 1 61 93 127 127
1473_0097_0143_0028_0028.jpg 1 97 143 28 28
1474_0076_0120_0103_0103.jpg 1 76 120 103 103
1475_0130_0174_0038_0038.jpg 1 130 174 38 38
1476_0152_0110_0080_0080.jpg 1 152 110 80 80
1477_0044_0058_0099_0099.jpg 1 44 58 99 99
1478_0060_0179_0038_0038.jpg 1 60 179 38 38
1479_0050_0065_0159_0159.jpg 1 50 65 159 159
1480_0154_0080_0052_0052.jpg 1 154 80 52 52
1481_0171_0023_0102_0102.jpg 1 171 23 102 102
1482_0136_0090_0060_0060.jpg 1 136 90 60 60
1483_0095_0076_0052_0052.jpg 1 95 76 52 52
1484_0025_0088_0133_0133.jpg 1 25 88 133 133
1485_0102_0079_0092_0092.jpg 1 102 79 92 92
1486_0066_0015_0148_0148.jpg 1 66 15 148 148
1487_0055_0070_0140_0140.jpg 1 55 70 140 140
1488_0046_0012_0137_0137.jpg 1 46 12 137 137
1489_0138_0080_0098_0098.jpg 1 138 80 98 98
1490_0121_0045_0146_0146.jpg 1 121 45 146 146
1491_0043_0088_0120_0120.jpg 1 43 88 120 120
1492_0049_0019_0090_0090.jpg 1 49 19 90 90
1493_0143_0023_0068_0068.jpg 1 143 23 68 68
1494_0060_0011_0160_0160.jpg 1 60 11 160 160
1495_0034_0063_0083_0083.jpg 1 34 63 83 83
1496_0213_0155_0050_0050.jpg 1 213 155 50 50
1497_0042_0064_0057_0057.jpg 1 42 64 57 57
1498_0172_0138_0066_0066.jpg 1 172 138 66 66
1499_0192_0093_0068_0068.jpg 1 192 93 68 68
1500_0033_0020_0116_0116.jpg 1 33 20 116 116
1501_0033_0077_0147_0147.jpg 1 33 77 147 147
1502_0099_0128_0092_0092.jpg 1 99 128 92 92
1503_0084_0095_0101_0101.jpg 1 84 95 101 101
1504_0221_0170_0024_0024.jpg 1 221 170 24 24
1505_0153_0141_0056_0056.jpg 1 153 141 56 56
1506_0138_0103_0103_0103.jpg 1 138 103 103 103
1507_0058_0130_0030_0030.jpg 1 58 130 30 30
1508_0111_0027_0054_0054.jpg 1 111 27 54 54
1509_0053_0078_0028_0028.jpg 1 53 78 28 28
1510_0127_0053_0150_0150.jpg 1 127 53 150 150
1511_0120_0149_0031_0031.jpg 1 120 149 31 31
1512_0092_0069_0155_0155.jpg 1 92 69 155 155
1513_0148_0026_0122_0122.jpg 1 148 26 122 122
1514_0069_0010_0147_0147.jpg 1 69 10 147 147
1515_0189_0122_0068_0068.jpg 1 189 122 68 68
1516_0068_0018_0163_0163.jpg 1 68 18 163 163
1517_0149_0010_0146_0146.jpg 1 149 10 146 146
1518_0114_0103_0095_0095.jpg 1 114 103 95 95
1519_0099_0021_0044_0044.jpg 1 99 21 44 44
1520_0149_0126_0058_0058.jpg 1 149 126 58 58
1521_0036_0156_0054_0054.jpg 1 36 156 54 54
1522_0156_0076_0112_0112.jpg 1 156 76 112 112
1523_0149_0028_0108_0108.jpg 1 149 28 108 108
1524_0071_0109_0115_0115.jpg 1 71 109 115 115
1525_0127_0081_0068_0068.jpg 1 127 81 68 68
1526_0175_0105_0068_0068.jpg 1 175 105 68 68
1527_0119_0114_0113_0113.jpg 1 119 114 113 113
1528_0046_0041_0161_0161.jpg 1 46 41 161 161
1529_0040_0172_0044_0044.jpg 1 40 172 44 44
1530_0088_0070_0107_0107.jpg 1 88 70 107 107
1531_0036_0051_0065_0065.jpg 1 36 51 65 65
1532_0050_0061_0163_0163.jpg 1 50 61 163 163
1533_0246_0021_0037_0037.jpg 1 246 21 37 37
1534_0164_0130_0039_0039.jpg 1 164 130 39 39
1535_0023_0112_0095_0095.jpg 1 23 112 95 95
1536_0245_0101_0033_0033.jpg 1 245 101 33 33
1537_0105_0160_0039_0039.jpg 1 105 160 39 39
1538_0068_0116_0106_0106.jpg 1 68 116 106 106
1539_0094_0080_0125_0125.jpg 1 94 80 125 125
1540_0104_0060_0095_0095.jpg 1 104 60 95 95
1541_0082_0098_0076_0076.jpg 1 82 98 76 76
1542_0126_0107_0120_0120.jpg 1 126 107 120 120
1543_0028_0047_0137_0137.jpg 1 28 47 137 137
1544_0165_0054_0129_0129.jpg 1 165 54 129 129
1545_0043_0023_0057_0057.jpg 1 43 23 57 57
1546_0185_0106_0027_0027.jpg 1 185 106 27 27
1547_0095_0042_0128_0128.jpg 1 95 42 128 128
1548_0139_0016_0091_0091.jpg 1 139 16 91 91
1549_0202_0124_0029_0029.jpg 1 202 124 29 29
1550_0143_0096_0131_0131.jpg 1 143 96 131 131
1551_0071_0083_0057_0057.jpg 1 71 83 57 57
1552_0019_0072_0147_0147.jpg 1 19 72 147 147
1553_0221_0171_0032_0032.jpg 1 221 171 32 32
1554_0104_0090_0107_0107.jpg 1 104 90 107 107
1555_0237_0160_0056_0056.jpg 1 237 160 56 56
1556_0080_0011_0158_0158.jpg 1 80 11 158 158
1557_0232_0078_0042_0042.jpg 1 232 78 42 42
1558_0066_0103_0103_0103.jpg 1 66 103 103 103
1559_0143_0127_0093_0093.jpg 1 143 127 93 93
1560_0073_0060_0120_0120.jpg 1 73 60 120 120
1561_0023_0031_0083_0083.jpg 1 23 31 83 83
1562_0090_0132_0051_0051.jpg 1 90 132 51 51
1563_0090_0158_0034_0034.jpg 1 90 158 34 34
1564_0051_0044_0164_0164.jpg 1 51 44 164 164
1565_0098_0083_0089_0089.jpg 1 98 83 89 89
1566_0065_0063_0140_0140.jpg 1 65 63 140 140
1567_0170_0038_0096_0096.jpg 1 170 38 96 96
1568_0152_0067_0118_0118.jpg 1 152 67 118 118
1569_0145_0093_0074_0074.jpg 1 145 93 74 74
1570_0094_0050_0166_0166.jpg 1 94 50 166 166
1571_0200_0123_0074_0074.jpg 1 200 123 74 74
1572_0017_0030_0155_0155.jpg 1 17 30 155 155
1573_0196_0173_0028_0028.jpg 1 196 173 28 28
1574_0129_0017_0165_0165.jpg 1 129 17 165 165
1575_0082_0032_0164_0164.jpg 1 82 32 164 164
1576_0094_0015_0149_0149.jpg 1 94 15 149 149
1577_0028_0103_0071_0071.jpg 1 28 103 71 71
1578_0182_0062_0070_0070.jpg 1 182 62 70 70
1579_0043_0067_0053_0053.jpg 1 43 67 53 53
1580_0063_0126_0090_0090.jpg 1 63 126 90 90
1581_0206_0156_0056_0056.jpg 1 206 156 56 56
1582_0045_0123_0054_0054.jpg 1 45 123 54 54
1583_0032_0073_0145_0145.jpg 1 32 73 145 145
1584_0161_0078_0098_0098.jpg 1 161 78 98 98
1585_0154_0045_0120_0120.jpg 1 154 45 120 120
1586_0143_0156_0028_0028.jpg 1 143 156 28 28
1587_0067_0037_0113_0113.jpg 1 67 37 113 113
1588_0152_0062_0144_0144.jpg 1 152 62 144 144
1589_0030_0072_0063_0063.jpg 1 30 72 63 63
1590_0037_0090_0114_0114.jpg 1 37 90 114 114
1591_0033_0116_0078_0078.jpg 1 33 116 78 78
1592_0075_0080_0123_0123.jpg 1 75 80 123 123
1593_0191_0109_0093_0093.jpg 1 191 109 93 93
1594_0077_0030_0121_0121.jpg 1 77 30 121 121
1595_0057_0081_0058_0058.jpg 1 57 81 58 58
1596_0133_0072_0137_0137.jpg 1 133 72 137 137
1597_0167_0092_0046_0046.jpg 1 167 92 46 46
1598_0147_0050_0142_0142.jpg 1 147 50 142 142
1599_0117_0033_0059_0059.jpg 1 117 33 59 59
1600_0039_0023_0139_0139.jpg 1 39 23 139 139
1601_0160_0098_0086_0086.jpg 1 160 98 86 86
1602_0257_0034_0024_0024.jpg 1 257 34 24 24
1603_0104_0056_0043_0043.jpg 1 104 56 43 43
1604_0115_0039_0030_0030.jpg 1 115 39 30 30
1605_0111_0158_0034_0034.jpg 1 111 158 34 34
1606_0031_0072_0101_0101.jpg 1 31 72 101 101
1607_0084_0042_0065_0065.jpg 1 84 42 65 65
1608_0042_0042_0145_0145.jpg 1 42 42 145 145
1609_0166_0069_0085_0085.jpg 1 166 69 85 85
1610_0049_0041_0151_0151.jpg 1 49 41 151 151
1611_0033_0101_0082_0082.jpg 1 33 101 82 82
1612_0069_0079_0074_0074.jpg 1 69 79 74 74
1613_0039_0071_0118_0118.jpg 1 39 71 118 118
1614_0087_0062_0030_0030.jpg 1 87 62 30 30
1615_0133_0107_0112_0112.jpg 1 133 107 112 112
1616_0229_0092_0064_0064.jpg 1 229 92 64 64
1617_0191_0080_0103_0103.jpg 1 191 80 103 103
1618_0017_0071_0160_0160.jpg 1 17 71 160 160
1619_0072_0085_0082_0082.jpg 1 72 85 82 82
1620_0245_0037_0043_0043.jpg 1 245 37 43 43
1621_0129_0048_0159_0159.jpg 1 129 48 159 159
1622_0149_0020_0084_0084.jpg 1 149 20 84 84
1623_0229_0118_0039_0039.jpg 1 229 118 39 39
1624_0054_0101_0054_0054.jpg 1 54 101 54 54
1625_0043_0076_0146_0146.jpg 1 43 76 146 146
1626_0159_0109_0035_0035.jpg 1 159 109 35 35
1627_0035_0094_0135_0135.jpg 1 35 94 135 135
1628_0156_0165_0034_0034.jpg 1 156 165 34 34
1629_0266_0140_0024_0024.jpg 1 266 140 24 24
1630_0134_0121_0057_0057.jpg 1 134 121 57 57
1631_0146_0026_0127_0127.jpg 1 146 26 127 127
1632_0144_0042_0133_0133.jpg 1 144 42 133 133
1633_0062_0144_0046_0046.jpg 1 62 144 46 46
1634_0206_0084_0038_0038.jpg 1 206 84 38 38
1635_0075_0121_0085_0085.jpg 1 75 121 85 85
1636_0096_0072_0074_0074.jpg 1 96 72 74 74
1637_0104_0111_0052_0052.jpg 1 104 111 52 52
1638_0060_0043_0132_0132.jpg 1 60 43 132 132
1639_0135_0059_0085_0085.jpg 1 135 59 85 85
1640_0092_0099_0081_0081.jpg 1 92 99 81 81
1641_0099_0094_0119_0119.jpg 1 99 94 119 119
1642_0105_0071_0127_0127.jpg 1 105 71 127 127
1643_0147_0129_0080_0080.jpg 1 147 129 80 80
1644_0076_0095_0117_0117.jpg 1 76 95 117 117
1645_0145_0080_0119_0119.jpg 1 145 80 119 119
1646_0019_0032_0148_0148.jpg 1 19 32 148 148
1647_0223_0098_0036_0036.jpg 1 223 98 36 36
1648_0105_0033_0119_0119.jpg 1 105 33 119 119
1649_0089_0049_0126_0126.jpg 1 89 49 126 126
1650_0079_0018_0157_0157.jpg 1 79 18 157 157
1651_0065_0052_0054_0054.jpg 1 65 52 54 54
1652_0190_0115_0051_0051.jpg 1 190 115 51 51
1653_0210_0150_0052_0052.jpg 1 210 150 52 52
1654_0060_0012_0138_0138.jpg 1 60 12 138 138
1655_0119_0026_0038_0038.jpg 1 119 26 38 38
1656_0082_0121_0048_0048.jpg 1 82 121 48 48
1657_0111_0063_0138_0138.jpg 1 111 63 138 138
1658_0159_0071_0086_0086.jpg 1 159 71 86 86
1659_0123_0075_0070_0070.jpg 1 123 75 70 70
1660_0118_0088_0134_0134.jpg 1 118 88 134 134
1661_0053_0010_0165_0165.jpg 1 53 10 165 165
1662_0075_0109_0113_0113.jpg 1 75 109 113 113
1663_0163_0051_0030_0030.jpg 1 163 51 30 30
1664_0095_0071_0110_0110.jpg 1 95 71 110 110
1665_0142_0081_0117_0117.jpg 1 142 81 117 117
1666_0185_0092_0039_0039.jpg 1 185 92 39 39
1667_0028_0034_0155_0155.jpg 1 28 34 155 155
1668_0175_0030_0030_0030.jpg 1 175 30 30 30
1669_0076_0048_0160_0160.jpg 1 76 48 160 160
1670_0045_0085_0104_0104.jpg 1 45 85 104 104
1671_0031_0046_0157_0157.jpg 1 31 46 157 157
1672_0055_0071_0134_0134.jpg 1 55 71 134 134
1673_0194_0058_0079_0079.jpg 1 194 58 79 79
1674_0170_0111_0104_0104.jpg 1 170 111 104 104
1675_0136_0024_0083_0083.jpg 1 136 24 83 83
1676_0142_0151_0045_0045.jpg 1 142 151 45 45
1677_0037_0080_0135_0135.jpg 1 37 80 135 135
1678_0057_0062_0052_0052.jpg 1 57 62 52 52
1679_0063_0035_0120_0120.jpg 1 63 35 120 120
1680_0053_0014_0127_0127.jpg 1 53 14 127 127
1681_0070_0016_0119_0119.jpg 1 70 16 119 119
1682_0202_0048_0094_0094.jpg 1 202 48 94 94
1683_0102_0121_0089_0089.jpg 1 102 121 89 89
1684_0059_0022_0125_0125.jpg 1 59 22 125 125
1685_0113_0027_0155_0155.jpg 1 113 27 155 155
1686_0041_0091_0132_0132.jpg 1 41 91 132 132
1687_0021_0034_0132_0132.jpg 1 21 34 132 132
1688_0083_0102_0067_0067.jpg 1 83 102 67 67
1689_0057_0126_0088_0088.jpg 1 57 126 88 88
1690_0070_0069_0160_0160.jpg 1 70 69 160 160
1691_0077_0087_0136_0136.jpg 1 77 87 136 136
1692_0142_0158_0061_0061.jpg 1 142 158 61 61
1693_0078_0048_0151_0151.jpg 1 78 48 151 151
1694_0169_0026_0102_0102.jpg 1 169 26 102 102
1695_0131_0059_0101_0101.jpg 1 131 59 101 101
1696_0073_0054_0142_0142.jpg 1 73 54 142 142
1697_0083_0123_0096_0096.jpg 1 83 123 96 96
1698_0095_0054_0055_0055.jpg 1 95 54 55 55
1699_0089_0014_0127_0127.jpg 1 89 14 127 127
1700_0146_0017_0120_0120.jpg 1 146 17 120 120
1701_0100_0032_0129_0129.jpg 1 100 32 129 129
1702_0134_0019_0108_0108.jpg 1 134 19 108 108
1703_0167_0058_0128_0128.jpg 1 167 58 128 128
1704_0146_0021_0135_0135.jpg 1 146 21 135 135
1705_0074_0103_0033_0033.jpg 1 74 103 33 33
1706_0190_0055_0058_0058.jpg 1 190 55 58 58
1707_0172_0074_0126_0126.jpg 1 172 74 126 126
1708_0068_0080_0088_0088.jpg 1 68 80 88 88
1709_0068_0009_0157_0157.jpg 1 68 9 157 157
1710_0066_0052_0146_0146.jpg 1 66 52 146 146
1711_0089_0019_0142_0142.jpg 1 89 19 142 142
1712_0132_0076_0108_0108.jpg 1 132 76 108 108
1713_0113_0100_0071_0071.jpg 1 113 100 71 71
1714_0124_0099_0122_0122.jpg 1 124 99 122 122
1715_0129_0044_0102_0102.jpg 1 129 44 102 102
1716_0138_0011_0133_0133.jpg 1 138 11 133 133
1717_0067_0024_0158_0158.jpg 1 67 24 158 158
1718_0085_0080_0054_0054.jpg 1 85 80 54 54
1719_0027_0094_0052_0052.jpg 1 27 94 52 52
1720_0153_0131_0092_0092.jpg 1 153 131 92 92
1721_0092_0172_0041_0041.jpg 1 92 172 41 41
1722_0044_0104_0080_0080.jpg 1 44 104 80 80
1723_0151_0102_0055_0055.jpg 1 151 102 55 55
1724_0205_0078_0067_0067.jpg 1 205 78 67 67
1725_0096_0087_0034_0034.jpg 1 96 87 34 34
1726_0081_0016_0167_0167.jpg 1 81 16 167 167
1727_0141_0040_0099_0099.jpg 1 141 40 99 99
1728_0137_0062_0107_0107.jpg 1 137 62 107 107
1729_0036_0035_0079_0079.jpg 1 36 35 79 79
1730_0089_0082_0086_0086.jpg 1 89 82 86 86
1731_0020_0054_0124_0124.jpg 1 20 54 124 124
1732_0103_0031_0127_0127.jpg 1 103 31 127 127
1733_0139_0081_0107_0107.jpg 1 139 81 107 107
1734_0074_0094_0091_0091.jpg 1 74 94 91 91
1735_0236_0057_0057_0057.jpg 1 236 57 57 57
1736_0241_0051_0051_0051.jpg 1 241 51 51 51
1737_0101_0042_0125_0125.jpg 1 101 42 125 125
1738_0198_0150_0053_0053.jpg 1 198 150 53 53
1739_0115_0070_0150_0150.jpg 1 115 70 150 150
1740_0160_0075_0126_0126.jpg 1 160 75 126 126
1741_0098_0110_0056_0056.jpg 1 98 110 56 56
1742_0069_0171_0030_0030.jpg 1 69 171 30 30
1743_0083_0100_0100_0100.jpg 1 83 100 100 100
1744_0241_0118_0027_0027.jpg 1 241 118 27 27
1745_0047_0089_0082_0082.jpg 1 47 89 82 82
1746_0217_0020_0058_0058.jpg 1 217 20 58 58
1747_0130_0022_0165_0165.jpg 1 130 22 165 165
1748_0087_0025_0153_0153.jpg 1 87 25 153 153
1749_0045_0061_0127_0127.jpg 1 45 61 127 127
1750_0167_0106_0072_0072.jpg 1 167 106 72 72
1751_0088_0018_0118_0118.jpg 1 88 18 118 118
1752_0126_0047_0135_0135.jpg 1 126 47 135 135
1753_0107_0104_0102_0102.jpg 1 107 104 102 102
1754_0080_0114_0102_0102.jpg 1 80 114 102 102
1755_0137_0100_0122_0122.jpg 1 137 100 122 122
1756_0131_0071_0128_0128.jpg 1 131 71 128 128
1757_0038_0152_0046_0046.jpg 1 38 152 46 46
1758_0053_0130_0078_0078.jpg 1 53 130 78 78
1759_0172_0069_0027_0027.jpg 1 172 69 27 27
1760_0078_0047_0155_0155.jpg 1 78 47 155 155
1761_0095_0112_0098_0098.jpg 1 95 112 98 98
1762_0120_0039_0062_0062.jpg 1 120 39 62 62
1763_0115_0063_0164_0164.jpg 1 115 63 164 164
1764_0051_0028_0147_0147.jpg 1 51 28 147 147
1765_0032_0036_0144_0144.jpg 1 32 36 144 144
1766_0108_0075_0123_0123.jpg 1 108 75 123 123
1767_0121_0114_0065_0065.jpg 1 121 114 65 65
1768_0042_0022_0164_0164.jpg 1 42 22 164 164
1769_0168_0090_0049_0049.jpg 1 168 90 49 49
1770_0082_0040_0082_0082.jpg 1 82 40 82 82
1771_0152_0051_0104_0104.jpg 1 152 51 104 104
1772_0133_0138_0032_0032.jpg 1 133 138 32 32
1773_0128_0108_0114_0114.jpg 1 128 108 114 114
1774_0064_0035_0118_0118.jpg 1 64 35 118 118
1775_0164_0119_0071_0071.jpg 1 164 119 71 71
1776_0036_0061_0061_0061.jpg 1 36 61 61 61
1777_0093_0059_0156_0156.jpg 1 93 59 156 156
1778_0051_0044_0127_0127.jpg 1 51 44 127 127
1779_0152_0038_0078_0078.jpg 1 152 38 78 78
1780_0056_0023_0151_0151.jpg 1 56 23 151 151
1781_0153_0048_0146_0146.jpg 1 153 48 146 146
1782_0122_0037_0160_0160.jpg 1 122 37 160 160
1783_0127_0058_0072_0072.jpg 1 127 58 72 72
1784_0039_0029_0053_0053.jpg 1 39 29 53 53
1785_0104_0037_0119_0119.jpg 1 104 37 119 119
1786_0060_0057_0041_0041.jpg 1 60 57 41 41
1787_0068_0085_0111_0111.jpg 1 68 85 111 111
1788_0138_0044_0160_0160.jpg 1 138 44 160 160
1789_0077_0086_0125_0125.jpg 1 77 86 125 125
1790_0063_0056_0110_0110.jpg 1 63 56 110 110
1791_0132_0047_0122_0122.jpg 1 132 47 122 122
1792_0109_0073_0128_0128.jpg 1 109 73 128 128
1793_0124_0044_0136_0136.jpg 1 124 44 136 136
1794_0139_0085_0076_0076.jpg 1 139 85 76 76
1795_0103_0090_0084_0084.jpg 1 103 90 84 84
1796_0027_0025_0102_0102.jpg 1 27 25 102 102
1797_0078_0038_0163_0163.jpg 1 78 38 163 163
1798_0057_0053_0034_0034.jpg 1 57 53 34 34
1799_0094_0074_0136_0136.jpg 1 94 74 136 136
1800_0238_0109_0047_0047.jpg 1 238 109 47 47
1801_0125_0083_0089_0089.jpg 1 125 83 89 89
1802_0162_0129_0041_0041.jpg 1 162 129 41 41
1803_0226_0152_0032_0032.jpg 1 226 152 32 32
1804_0071_0068_0130_0130.jpg 1 71 68 130 130
1805_0044_0064_0069_0069.jpg 1 44 64 69 69
1806_0105_0105_0120_0120.jpg 1 105 105 120 120
1807_0063_0030_0066_0066.jpg 1 63 30 66 66
1808_0087_0103_0056_0056.jpg 1 87 103 56 56
1809_0094_0119_0064_0064.jpg 1 94 119 64 64
1810_0221_0036_0030_0030.jpg 1 221 36 30 30
1811_0070_0049_0163_0163.jpg 1 70 49 163 163
1812_0050_0015_0157_0157.jpg 1 50 15 157 157
1813_0199_0064_0078_0078.jpg 1 199 64 78 78
1814_0095_0043_0143_0143.jpg 1 95 43 143 143
1815_0167_0078_0036_0036.jpg 1 167 78 36 36
1816_0102_0044_0154_0154.jpg 1 102 44 154 154
1817_0134_0063_0058_0058.jpg 1 134 63 58 58
1818_0121_0088_0035_0035.jpg 1 121 88 35 35
1819_0061_0068_0147_0147.jpg 1 61 68 147 147
1820_0060_0047_0070_0070.jpg 1 60 47 70 70
1821_0125_0031_0149_0149.jpg 1 125 31 149 149
1822_0050_0092_0033_0033.jpg 1 50 92 33 33
1823_0158_0122_0076_0076.jpg 1 158 122 76 76
1824_0179_0050_0110_0110.jpg 1 179 50 110 110
1825_0176_0095_0119_0119.jpg 1 176 95 119 119
1826_0144_0034_0142_0142.jpg 1 144 34 142 142
1827_0144_0143_0036_0036.jpg 1 144 143 36 36
1828_0096_0069_0142_0142.jpg 1 96 69 142 142
1829_0048_0069_0159_0159.jpg 1 48 69 159 159
1830_0035_0019_0061_0061.jpg 1 35 19 61 61
1831_0120_0072_0103_0103.jpg 1 120 72 103 103
1832_0110_0127_0070_0070.jpg 1 110 127 70 70
1833_0166_0139_0080_0080.jpg 1 166 139 80 80
1834_0101_0018_0164_0164.jpg 1 101 18 164 164
1835_0182_0106_0092_0092.jpg 1 182 106 92 92
1836_0109_0034_0152_0152.jpg 1 109 34 152 152
1837_0046_0120_0072_0072.jpg 1 46 120 72 72
1838_0096_0073_0062_0062.jpg 1 96 73 62 62
1839_0051_0036_0133_0133.jpg 1 51 36 133 133
1840_0067_0031_0052_0052.jpg 1 67 31 52 52
1841_0086_0013_0139_0139.jpg 1 86 13 139 139
1842_0131_0023_0163_0163.jpg 1 131 23 163 163
1843_0171_0058_0090_0090.jpg 1 171 58 90 90
1844_0110_0088_0056_0056.jpg 1 110 88 56 56
1845_0057_0079_0046_0046.jpg 1 57 79 46 46
1846_0105_0100_0073_0073.jpg 1 105 100 73 73
1847_0073_0050_0087_0087.jpg 1 73 50 87 87
1848_0170_0035_0089_0089.jpg 1 170 35 89 89
1849_0088_0098_0082_0082.jpg 1 88 98 82 82
1850_0181_0057_0092_0092.jpg 1 181 57 92 92
1851_0081_0086_0069_0069.jpg 1 81 86 69 69
1852_0070_0035_0138_0138.jpg 1 70 35 138 138
1853_0028_0057_0077_0077.jpg 1 28 57 77 77
1854_0091_0032_0151_0151.jpg 1 91 32 151 151
1855_0222_0060_0056_0056.jpg 1 222 60 56 56
1856_0069_0016_0163_0163.jpg 1 69 16 163 163
1857_0073_0048_0161_0161.jpg 1 73 48 161 161
1858_0066_0028_0127_0127.jpg 1 66 28 127 127
1859_0223_0082_0041_0041.jpg 1 223 82 41 41
1860_0099_0030_0046_0046.jpg 1 99 30 46 46
1861_0139_0019_0161_0161.jpg 1 139 19 161 161
1862_0113_0085_0112_0112.jpg 1 113 85 112 112
1863_0179_0108_0038_0038.jpg 1 179 108 38 38
1864_0078_0043_0117_0117.jpg 1 78 43 117 117
1865_0099_0055_0150_0150.jpg 1 99 55 150 150
1866_0187_0053_0109_0109.jpg 1 187 53 109 109
1867_0045_0063_0134_0134.jpg 1 45 63 134 134
1868_0050_0048_0083_0083.jpg 1 50 48 83 83
1869_0052_0020_0058_0058.jpg 1 52 20 58 58
1870_0043_0049_0124_0124.jpg 1 43 49 124 124
1871_0098_0058_0146_0146.jpg 1 98 58 146 146
1872_0098_0099_0105_0105.jpg 1 98 99 105 105
1873_0058_0033_0140_0140.jpg 1 58 33 140 140
1874_0148_0043_0039_0039.jpg 1 148 43 39 39
1875_0057_0072_0127_0127.jpg 1 57 72 127 127
1876_0179_0062_0054_0054.jpg 1 179 62 54 54
1877_0078_0098_0098_0098.jpg 1 78 98 98 98
1878_0062_0041_0079_0079.jpg 1 62 41 79 79
1879_0175_0049_0122_0122.jpg 1 175 49 122 122
1880_0219_0038_0044_0044.jpg 1 219 38 44 44
1881_0116_0040_0116_0116.jpg 1 116 40 116 116
1882_0106_0092_0077_0077.jpg 1 106 92 77 77
1883_0131_0112_0064_0064.jpg 1 131 112 64 64
1884_0145_0101_0056_0056.jpg 1 145 101 56 56
1885_0097_0032_0083_0083.jpg 1 97 32 83 83
1886_0159_0104_0075_0075.jpg 1 159 104 75 75
1887_0091_0038_0162_0162.jpg 1 91 38 162 162
1888_0122_0183_0034_0034.jpg 1 122 183 34 34
1889_0181_0133_0053_0053.jpg 1 181 133 53 53
1890_0168_0018_0075_0075.jpg 1 168 18 75 75
1891_0053_0023_0087_0087.jpg 1 53 23 87 87
1892_0125_0072_0132_0132.jpg 1 125 72 132 132
1893_0062_0108_0074_0074.jpg 1 62 108 74 74
1894_0035_0072_0112_0112.jpg 1 35 72 112 112
1895_0105_0021_0132_0132.jpg 1 105 21 132 132
1896_0124_0073_0042_0042.jpg 1 124 73 42 42
1897_0062_0082_0137_0137.jpg 1 62 82 137 137
1898_0165_0050_0027_0027.jpg 1 165 50 27 27
1899_0126_0031_0034_0034.jpg 1 126 31 34 34
1900_0034_0072_0137_0137.jpg 1 34 72 137 137
